::1 - - [20/Aug/2025:15:54:23 +0300] "GET /index.php HTTP/1.1" 404 196
::1 - - [20/Aug/2025:15:54:23 +0300] "GET /favicon.ico HTTP/1.1" 404 196
::1 - - [20/Aug/2025:15:55:23 +0300] "-" 408 -
::1 - - [20/Aug/2025:15:55:29 +0300] "GET /index.php HTTP/1.1" 200 71367
::1 - - [20/Aug/2025:16:32:01 +0300] "GET / HTTP/1.1" 200 70431
::1 - - [20/Aug/2025:16:32:01 +0300] "GET /favicon.ico HTTP/1.1" 404 196
::1 - - [20/Aug/2025:16:33:01 +0300] "-" 408 -
::1 - - [21/Aug/2025:09:19:01 +0300] "GET / HTTP/1.1" 200 7
::1 - - [21/Aug/2025:09:19:01 +0300] "GET /favicon.ico HTTP/1.1" 404 196
::1 - - [21/Aug/2025:09:20:01 +0300] "-" 408 -
::1 - - [21/Aug/2025:11:30:38 +0300] "GET / HTTP/1.1" 200 230
::1 - - [21/Aug/2025:11:31:23 +0300] "GET / HTTP/1.1" 200 325
::1 - - [21/Aug/2025:11:31:26 +0300] "GET /public/ HTTP/1.1" 200 230
::1 - - [21/Aug/2025:11:31:27 +0300] "GET /public/ HTTP/1.1" 200 230
::1 - - [21/Aug/2025:11:32:23 +0300] "-" 408 -
::1 - - [21/Aug/2025:11:42:21 +0300] "GET /public/ HTTP/1.1" 200 720
::1 - - [21/Aug/2025:11:42:21 +0300] "GET /public/assets/css/auth.css HTTP/1.1" 200 144
::1 - - [21/Aug/2025:11:43:02 +0300] "GET /public/ HTTP/1.1" 200 720
::1 - - [21/Aug/2025:11:43:02 +0300] "GET /public/assets/css/auth.css HTTP/1.1" 200 213
::1 - - [21/Aug/2025:11:44:02 +0300] "-" 408 -
::1 - - [21/Aug/2025:11:47:35 +0300] "GET /public/ HTTP/1.1" 200 949
::1 - - [21/Aug/2025:11:47:35 +0300] "GET /public/assets/css/auth.css HTTP/1.1" 200 331
::1 - - [21/Aug/2025:11:47:46 +0300] "GET /public/ HTTP/1.1" 200 949
::1 - - [21/Aug/2025:11:47:46 +0300] "GET /public/assets/css/auth.css HTTP/1.1" 200 360
::1 - - [21/Aug/2025:11:47:52 +0300] "GET /public/ HTTP/1.1" 200 949
::1 - - [21/Aug/2025:11:47:52 +0300] "GET /public/assets/css/auth.css HTTP/1.1" 200 360
::1 - - [21/Aug/2025:11:47:58 +0300] "GET /public/ HTTP/1.1" 200 949
::1 - - [21/Aug/2025:11:47:58 +0300] "GET /public/assets/css/auth.css HTTP/1.1" 200 363
::1 - - [21/Aug/2025:11:48:04 +0300] "GET /public/ HTTP/1.1" 200 949
::1 - - [21/Aug/2025:11:48:04 +0300] "GET /public/assets/css/auth.css HTTP/1.1" 200 363
::1 - - [21/Aug/2025:11:48:42 +0300] "GET /public/ HTTP/1.1" 200 949
::1 - - [21/Aug/2025:11:48:42 +0300] "GET /public/assets/css/auth.css HTTP/1.1" 200 420
::1 - - [21/Aug/2025:11:48:54 +0300] "GET /public/ HTTP/1.1" 200 949
::1 - - [21/Aug/2025:11:48:54 +0300] "GET /public/assets/css/auth.css HTTP/1.1" 200 417
::1 - - [21/Aug/2025:11:49:10 +0300] "GET /public/ HTTP/1.1" 200 949
::1 - - [21/Aug/2025:11:49:10 +0300] "GET /public/assets/css/auth.css HTTP/1.1" 200 417
::1 - - [21/Aug/2025:11:49:41 +0300] "GET /public/ HTTP/1.1" 200 949
::1 - - [21/Aug/2025:11:49:41 +0300] "GET /public/assets/css/auth.css HTTP/1.1" 200 459
::1 - - [21/Aug/2025:11:49:44 +0300] "GET /public/ HTTP/1.1" 200 949
::1 - - [21/Aug/2025:11:49:44 +0300] "GET /public/assets/css/auth.css HTTP/1.1" 304 -
::1 - - [21/Aug/2025:11:49:57 +0300] "GET /public/ HTTP/1.1" 200 949
::1 - - [21/Aug/2025:11:49:57 +0300] "GET /public/assets/css/auth.css HTTP/1.1" 200 460
::1 - - [21/Aug/2025:11:50:01 +0300] "GET /public/ HTTP/1.1" 200 949
::1 - - [21/Aug/2025:11:50:01 +0300] "GET /public/assets/css/auth.css HTTP/1.1" 200 459
::1 - - [21/Aug/2025:11:50:57 +0300] "-" 408 -
::1 - - [21/Aug/2025:11:51:02 +0300] "GET /public/ HTTP/1.1" 200 949
::1 - - [21/Aug/2025:11:51:02 +0300] "GET /public/assets/css/auth.css HTTP/1.1" 200 478
::1 - - [21/Aug/2025:11:51:03 +0300] "GET /public/ HTTP/1.1" 200 949
::1 - - [21/Aug/2025:11:51:03 +0300] "GET /public/assets/css/auth.css HTTP/1.1" 304 -
::1 - - [21/Aug/2025:11:51:03 +0300] "GET /public/ HTTP/1.1" 200 949
::1 - - [21/Aug/2025:11:51:03 +0300] "GET /public/assets/css/auth.css HTTP/1.1" 304 -
::1 - - [21/Aug/2025:11:51:03 +0300] "GET /public/ HTTP/1.1" 200 949
::1 - - [21/Aug/2025:11:51:04 +0300] "GET /public/assets/css/auth.css HTTP/1.1" 304 -
::1 - - [21/Aug/2025:11:51:17 +0300] "GET /public/ HTTP/1.1" 200 949
::1 - - [21/Aug/2025:11:51:17 +0300] "GET /public/assets/css/auth.css HTTP/1.1" 200 489
::1 - - [21/Aug/2025:11:52:14 +0300] "GET /public/ HTTP/1.1" 200 949
::1 - - [21/Aug/2025:11:52:14 +0300] "GET /public/assets/css/auth.css HTTP/1.1" 200 479
::1 - - [21/Aug/2025:11:52:23 +0300] "GET /public/ HTTP/1.1" 200 949
::1 - - [21/Aug/2025:11:52:23 +0300] "GET /public/assets/css/auth.css HTTP/1.1" 200 478
::1 - - [21/Aug/2025:11:52:29 +0300] "GET /public/ HTTP/1.1" 200 949
::1 - - [21/Aug/2025:11:52:29 +0300] "GET /public/assets/css/auth.css HTTP/1.1" 200 479
::1 - - [21/Aug/2025:11:52:34 +0300] "GET /public/ HTTP/1.1" 200 949
::1 - - [21/Aug/2025:11:52:34 +0300] "GET /public/assets/css/auth.css HTTP/1.1" 200 479
::1 - - [21/Aug/2025:11:52:38 +0300] "GET /public/ HTTP/1.1" 200 949
::1 - - [21/Aug/2025:11:52:38 +0300] "GET /public/assets/css/auth.css HTTP/1.1" 200 479
::1 - - [21/Aug/2025:11:53:34 +0300] "-" 408 -
::1 - - [21/Aug/2025:11:54:03 +0300] "GET /public/ HTTP/1.1" 200 976
::1 - - [21/Aug/2025:11:54:03 +0300] "GET /public/assets/css/auth.css HTTP/1.1" 200 591
::1 - - [21/Aug/2025:11:54:23 +0300] "GET /public/ HTTP/1.1" 200 976
::1 - - [21/Aug/2025:11:54:23 +0300] "GET /public/assets/css/auth.css HTTP/1.1" 200 613
::1 - - [21/Aug/2025:11:54:38 +0300] "GET /public/ HTTP/1.1" 200 976
::1 - - [21/Aug/2025:11:54:38 +0300] "GET /public/assets/css/auth.css HTTP/1.1" 200 613
::1 - - [21/Aug/2025:11:55:07 +0300] "GET /public/ HTTP/1.1" 200 976
::1 - - [21/Aug/2025:11:55:07 +0300] "GET /public/assets/css/auth.css HTTP/1.1" 200 645
::1 - - [21/Aug/2025:11:55:30 +0300] "GET /public/ HTTP/1.1" 200 976
::1 - - [21/Aug/2025:11:55:30 +0300] "GET /public/assets/css/auth.css HTTP/1.1" 200 656
::1 - - [21/Aug/2025:11:55:41 +0300] "GET /public/ HTTP/1.1" 200 976
::1 - - [21/Aug/2025:11:55:41 +0300] "GET /public/assets/css/auth.css HTTP/1.1" 200 656
::1 - - [21/Aug/2025:11:55:52 +0300] "GET /public/ HTTP/1.1" 200 976
::1 - - [21/Aug/2025:11:55:53 +0300] "GET /public/assets/css/auth.css HTTP/1.1" 200 675
::1 - - [21/Aug/2025:11:56:25 +0300] "GET /public/ HTTP/1.1" 200 976
::1 - - [21/Aug/2025:11:56:25 +0300] "GET /public/assets/css/auth.css HTTP/1.1" 200 704
::1 - - [21/Aug/2025:11:57:25 +0300] "GET /public/ HTTP/1.1" 200 976
::1 - - [21/Aug/2025:11:57:25 +0300] "GET /public/assets/css/auth.css HTTP/1.1" 200 796
::1 - - [21/Aug/2025:11:57:34 +0300] "GET /public/ HTTP/1.1" 200 976
::1 - - [21/Aug/2025:11:57:34 +0300] "GET /public/assets/css/auth.css HTTP/1.1" 304 -
::1 - - [21/Aug/2025:11:57:56 +0300] "GET /public/ HTTP/1.1" 200 976
::1 - - [21/Aug/2025:11:57:56 +0300] "GET /public/assets/css/auth.css HTTP/1.1" 200 788
::1 - - [21/Aug/2025:11:58:31 +0300] "GET /public/ HTTP/1.1" 200 976
::1 - - [21/Aug/2025:11:58:31 +0300] "GET /public/assets/css/auth.css HTTP/1.1" 200 765
::1 - - [21/Aug/2025:11:58:41 +0300] "GET /public/ HTTP/1.1" 200 976
::1 - - [21/Aug/2025:11:58:41 +0300] "GET /public/assets/css/auth.css HTTP/1.1" 200 764
::1 - - [21/Aug/2025:11:58:46 +0300] "GET /public/ HTTP/1.1" 200 976
::1 - - [21/Aug/2025:11:58:46 +0300] "GET /public/assets/css/auth.css HTTP/1.1" 200 765
::1 - - [21/Aug/2025:11:58:53 +0300] "GET /public/ HTTP/1.1" 200 976
::1 - - [21/Aug/2025:11:58:53 +0300] "GET /public/assets/css/auth.css HTTP/1.1" 200 765
::1 - - [21/Aug/2025:11:58:58 +0300] "GET /public/ HTTP/1.1" 200 976
::1 - - [21/Aug/2025:11:58:58 +0300] "GET /public/assets/css/auth.css HTTP/1.1" 200 766
::1 - - [21/Aug/2025:11:59:04 +0300] "GET /public/ HTTP/1.1" 200 976
::1 - - [21/Aug/2025:11:59:04 +0300] "GET /public/assets/css/auth.css HTTP/1.1" 200 771
::1 - - [21/Aug/2025:11:59:13 +0300] "GET /public/ HTTP/1.1" 200 976
::1 - - [21/Aug/2025:11:59:13 +0300] "GET /public/assets/css/auth.css HTTP/1.1" 200 791
::1 - - [21/Aug/2025:11:59:21 +0300] "GET /public/ HTTP/1.1" 200 976
::1 - - [21/Aug/2025:11:59:21 +0300] "GET /public/assets/css/auth.css HTTP/1.1" 200 791
::1 - - [21/Aug/2025:12:00:07 +0300] "GET /public/ HTTP/1.1" 200 1033
::1 - - [21/Aug/2025:12:00:07 +0300] "GET /public/assets/css/auth.css HTTP/1.1" 200 830
::1 - - [21/Aug/2025:12:00:24 +0300] "GET /public/ HTTP/1.1" 200 1033
::1 - - [21/Aug/2025:12:00:24 +0300] "GET /public/assets/css/auth.css HTTP/1.1" 200 874
::1 - - [21/Aug/2025:12:01:16 +0300] "GET /public/ HTTP/1.1" 200 1033
::1 - - [21/Aug/2025:12:01:16 +0300] "GET /public/assets/css/auth.css HTTP/1.1" 200 891
::1 - - [21/Aug/2025:12:01:44 +0300] "GET /public/ HTTP/1.1" 200 1033
::1 - - [21/Aug/2025:12:01:44 +0300] "GET /public/assets/css/auth.css HTTP/1.1" 200 905
::1 - - [21/Aug/2025:12:01:49 +0300] "GET /public/ HTTP/1.1" 200 1033
::1 - - [21/Aug/2025:12:01:49 +0300] "GET /public/assets/css/auth.css HTTP/1.1" 200 905
::1 - - [21/Aug/2025:12:02:00 +0300] "GET /public/ HTTP/1.1" 200 1033
::1 - - [21/Aug/2025:12:02:00 +0300] "GET /public/assets/css/auth.css HTTP/1.1" 200 924
::1 - - [21/Aug/2025:12:02:08 +0300] "GET /public/ HTTP/1.1" 200 1033
::1 - - [21/Aug/2025:12:02:08 +0300] "GET /public/assets/css/auth.css HTTP/1.1" 200 924
::1 - - [21/Aug/2025:12:02:45 +0300] "GET /public/ HTTP/1.1" 200 1033
::1 - - [21/Aug/2025:12:02:45 +0300] "GET /public/assets/css/auth.css HTTP/1.1" 200 982
::1 - - [21/Aug/2025:12:03:08 +0300] "GET /public/ HTTP/1.1" 200 1033
::1 - - [21/Aug/2025:12:03:08 +0300] "GET /public/assets/css/auth.css HTTP/1.1" 200 1014
::1 - - [21/Aug/2025:12:03:26 +0300] "GET /public/ HTTP/1.1" 200 1033
::1 - - [21/Aug/2025:12:03:26 +0300] "GET /public/assets/css/auth.css HTTP/1.1" 200 1043
::1 - - [21/Aug/2025:12:03:41 +0300] "GET /public/ HTTP/1.1" 200 1033
::1 - - [21/Aug/2025:12:03:41 +0300] "GET /public/assets/css/auth.css HTTP/1.1" 200 1072
::1 - - [21/Aug/2025:12:03:55 +0300] "GET /public/ HTTP/1.1" 200 1033
::1 - - [21/Aug/2025:12:03:55 +0300] "GET /public/assets/css/auth.css HTTP/1.1" 200 1090
::1 - - [21/Aug/2025:12:04:55 +0300] "-" 408 -
::1 - - [21/Aug/2025:12:06:51 +0300] "GET /public/ HTTP/1.1" 200 1152
::1 - - [21/Aug/2025:12:06:51 +0300] "GET /public/assets/css/auth.css HTTP/1.1" 200 1164
::1 - - [21/Aug/2025:12:07:02 +0300] "GET /public/ HTTP/1.1" 200 1152
::1 - - [21/Aug/2025:12:07:02 +0300] "GET /public/assets/css/auth.css HTTP/1.1" 200 1190
::1 - - [21/Aug/2025:12:07:34 +0300] "GET /public/ HTTP/1.1" 200 1152
::1 - - [21/Aug/2025:12:07:34 +0300] "GET /public/assets/css/auth.css HTTP/1.1" 200 1220
::1 - - [21/Aug/2025:12:07:58 +0300] "GET /public/ HTTP/1.1" 200 1152
::1 - - [21/Aug/2025:12:07:58 +0300] "GET /public/assets/css/auth.css HTTP/1.1" 200 1237
::1 - - [21/Aug/2025:12:08:31 +0300] "GET /public/ HTTP/1.1" 200 1152
::1 - - [21/Aug/2025:12:08:31 +0300] "GET /public/assets/css/auth.css HTTP/1.1" 200 1265
::1 - - [21/Aug/2025:12:09:13 +0300] "GET /public/ HTTP/1.1" 200 1152
::1 - - [21/Aug/2025:12:09:13 +0300] "GET /public/assets/css/auth.css HTTP/1.1" 200 1315
::1 - - [21/Aug/2025:12:10:10 +0300] "GET /public/ HTTP/1.1" 200 1152
::1 - - [21/Aug/2025:12:10:10 +0300] "GET /public/assets/css/auth.css HTTP/1.1" 200 1391
::1 - - [21/Aug/2025:12:10:20 +0300] "GET /public/ HTTP/1.1" 200 1152
::1 - - [21/Aug/2025:12:10:20 +0300] "GET /public/assets/css/auth.css HTTP/1.1" 200 1421
::1 - - [21/Aug/2025:12:10:32 +0300] "GET /public/ HTTP/1.1" 200 1152
::1 - - [21/Aug/2025:12:10:32 +0300] "GET /public/assets/css/auth.css HTTP/1.1" 200 1421
::1 - - [21/Aug/2025:12:10:42 +0300] "GET /public/ HTTP/1.1" 200 1152
::1 - - [21/Aug/2025:12:10:42 +0300] "GET /public/assets/css/auth.css HTTP/1.1" 200 1442
::1 - - [21/Aug/2025:12:10:49 +0300] "GET /public/ HTTP/1.1" 200 1152
::1 - - [21/Aug/2025:12:10:49 +0300] "GET /public/assets/css/auth.css HTTP/1.1" 200 1463
::1 - - [21/Aug/2025:12:11:15 +0300] "GET /public/ HTTP/1.1" 200 1152
::1 - - [21/Aug/2025:12:11:15 +0300] "GET /public/assets/css/auth.css HTTP/1.1" 200 1265
::1 - - [21/Aug/2025:12:12:15 +0300] "-" 408 -
::1 - - [21/Aug/2025:12:12:42 +0300] "GET /public/ HTTP/1.1" 200 1164
::1 - - [21/Aug/2025:12:12:42 +0300] "GET /public/assets/css/auth.css HTTP/1.1" 304 -
::1 - - [21/Aug/2025:12:13:42 +0300] "-" 408 -
::1 - - [21/Aug/2025:12:14:28 +0300] "GET /public/ HTTP/1.1" 200 1187
::1 - - [21/Aug/2025:12:14:28 +0300] "GET /public/assets/css/auth.css HTTP/1.1" 304 -
::1 - - [21/Aug/2025:12:14:29 +0300] "GET /public/registration.php HTTP/1.1" 200 1364
::1 - - [21/Aug/2025:12:15:00 +0300] "GET /public/ HTTP/1.1" 200 1187
::1 - - [21/Aug/2025:12:15:00 +0300] "GET /public/assets/css/auth.css HTTP/1.1" 304 -
::1 - - [21/Aug/2025:12:15:02 +0300] "GET /public/registration.php HTTP/1.1" 200 1371
::1 - - [21/Aug/2025:12:15:31 +0300] "GET /public/registration.php HTTP/1.1" 200 1387
::1 - - [21/Aug/2025:12:15:31 +0300] "GET /public/assets/css/auth.css HTTP/1.1" 304 -
::1 - - [21/Aug/2025:12:15:32 +0300] "GET /public/index.php HTTP/1.1" 200 1187
::1 - - [21/Aug/2025:12:15:32 +0300] "GET /public/registration.php HTTP/1.1" 200 1387
::1 - - [21/Aug/2025:12:15:33 +0300] "GET /public/index.php HTTP/1.1" 200 1187
::1 - - [21/Aug/2025:12:15:34 +0300] "GET /public/registration.php HTTP/1.1" 200 1387
::1 - - [21/Aug/2025:12:15:58 +0300] "GET /public/registration.php HTTP/1.1" 200 1374
::1 - - [21/Aug/2025:12:15:58 +0300] "GET /public/assets/css/auth.css HTTP/1.1" 304 -
::1 - - [21/Aug/2025:12:16:42 +0300] "GET /public/registration.php HTTP/1.1" 200 1400
::1 - - [21/Aug/2025:12:16:42 +0300] "GET /public/assets/css/auth.css HTTP/1.1" 200 1269
::1 - - [21/Aug/2025:12:16:44 +0300] "GET /public/index.php HTTP/1.1" 200 1187
::1 - - [21/Aug/2025:12:16:44 +0300] "GET /public/assets/css/auth.css HTTP/1.1" 304 -
::1 - - [21/Aug/2025:12:16:45 +0300] "GET /public/registration.php HTTP/1.1" 200 1400
::1 - - [21/Aug/2025:12:16:45 +0300] "GET /public/assets/css/auth.css HTTP/1.1" 304 -
::1 - - [21/Aug/2025:12:16:47 +0300] "GET /public/index.php HTTP/1.1" 200 1187
::1 - - [21/Aug/2025:12:16:47 +0300] "GET /public/assets/css/auth.css HTTP/1.1" 304 -
::1 - - [21/Aug/2025:12:16:48 +0300] "GET /public/registration.php HTTP/1.1" 200 1400
::1 - - [21/Aug/2025:12:16:48 +0300] "GET /public/assets/css/auth.css HTTP/1.1" 304 -
::1 - - [21/Aug/2025:12:16:59 +0300] "GET /public/registration.php HTTP/1.1" 200 1400
::1 - - [21/Aug/2025:12:16:59 +0300] "GET /public/assets/css/auth.css HTTP/1.1" 200 1291
::1 - - [21/Aug/2025:12:17:05 +0300] "GET /public/registration.php HTTP/1.1" 200 1400
::1 - - [21/Aug/2025:12:17:05 +0300] "GET /public/assets/css/auth.css HTTP/1.1" 200 1291
::1 - - [21/Aug/2025:12:17:08 +0300] "GET /public/index.php HTTP/1.1" 200 1187
::1 - - [21/Aug/2025:12:17:08 +0300] "GET /public/assets/css/auth.css HTTP/1.1" 304 -
::1 - - [21/Aug/2025:12:17:09 +0300] "GET /public/registration.php HTTP/1.1" 200 1400
::1 - - [21/Aug/2025:12:17:10 +0300] "GET /public/assets/css/auth.css HTTP/1.1" 304 -
::1 - - [21/Aug/2025:12:17:11 +0300] "GET /public/index.php HTTP/1.1" 200 1187
::1 - - [21/Aug/2025:12:17:11 +0300] "GET /public/assets/css/auth.css HTTP/1.1" 304 -
::1 - - [21/Aug/2025:12:17:12 +0300] "GET /public/registration.php HTTP/1.1" 200 1400
::1 - - [21/Aug/2025:12:17:12 +0300] "GET /public/assets/css/auth.css HTTP/1.1" 304 -
::1 - - [21/Aug/2025:12:17:25 +0300] "GET /public/index.php HTTP/1.1" 200 1187
::1 - - [21/Aug/2025:12:17:25 +0300] "GET /public/assets/css/auth.css HTTP/1.1" 304 -
::1 - - [21/Aug/2025:12:17:26 +0300] "GET /public/registration.php HTTP/1.1" 200 1400
::1 - - [21/Aug/2025:12:17:26 +0300] "GET /public/index.php HTTP/1.1" 200 1187
::1 - - [21/Aug/2025:12:17:27 +0300] "GET /public/registration.php HTTP/1.1" 200 1400
::1 - - [21/Aug/2025:12:17:27 +0300] "GET /public/assets/css/auth.css HTTP/1.1" 304 -
::1 - - [21/Aug/2025:12:17:38 +0300] "GET /public/index.php HTTP/1.1" 200 1187
::1 - - [21/Aug/2025:12:17:38 +0300] "GET /public/assets/css/auth.css HTTP/1.1" 304 -
::1 - - [21/Aug/2025:12:17:39 +0300] "GET /public/registration.php HTTP/1.1" 200 1400
::1 - - [21/Aug/2025:12:17:40 +0300] "GET /public/index.php HTTP/1.1" 200 1187
::1 - - [21/Aug/2025:12:17:41 +0300] "GET /public/registration.php HTTP/1.1" 200 1400
::1 - - [21/Aug/2025:12:17:41 +0300] "GET /public/assets/css/auth.css HTTP/1.1" 304 -
::1 - - [21/Aug/2025:12:18:38 +0300] "-" 408 -
::1 - - [21/Aug/2025:12:28:41 +0300] "GET /public/registration.php HTTP/1.1" 200 1527
::1 - - [21/Aug/2025:12:28:41 +0300] "GET /public/assets/js/auth.js HTTP/1.1" 200 144
::1 - - [21/Aug/2025:12:28:41 +0300] "GET /public/assets/js/jquery-3.7.1.slim.min.js HTTP/1.1" 200 70264
::1 - - [21/Aug/2025:12:28:41 +0300] "GET /public/assets/css/auth.css HTTP/1.1" 304 -
::1 - - [21/Aug/2025:12:28:41 +0300] "GET /public/registration.php HTTP/1.1" 200 1527
::1 - - [21/Aug/2025:12:31:04 +0300] "GET /public/registration.php HTTP/1.1" 200 1580
::1 - - [21/Aug/2025:12:31:04 +0300] "GET /public/assets/js/jquery-3.7.1.slim.min.js HTTP/1.1" 304 -
::1 - - [21/Aug/2025:12:31:04 +0300] "GET /public/assets/js/auth.js HTTP/1.1" 304 -
::1 - - [21/Aug/2025:12:31:04 +0300] "GET /public/assets/css/auth.css HTTP/1.1" 200 1356
::1 - - [21/Aug/2025:12:31:04 +0300] "GET /public/registration.php HTTP/1.1" 200 1580
::1 - - [21/Aug/2025:12:31:04 +0300] "GET /public/assets/css/auth.css HTTP/1.1" 304 -
::1 - - [21/Aug/2025:12:31:49 +0300] "GET /public/registration.php HTTP/1.1" 200 1580
::1 - - [21/Aug/2025:12:31:49 +0300] "GET /public/assets/css/auth.css HTTP/1.1" 304 -
::1 - - [21/Aug/2025:12:31:49 +0300] "GET /public/assets/js/auth.js HTTP/1.1" 200 173
::1 - - [21/Aug/2025:12:33:47 +0300] "GET /public/registration.php HTTP/1.1" 200 1588
::1 - - [21/Aug/2025:12:33:47 +0300] "GET /public/assets/js/jquery-3.7.1.slim.min.js HTTP/1.1" 304 -
::1 - - [21/Aug/2025:12:33:47 +0300] "GET /public/assets/css/auth.css HTTP/1.1" 304 -
::1 - - [21/Aug/2025:12:33:47 +0300] "GET /public/assets/js/auth.js HTTP/1.1" 200 308
::1 - - [21/Aug/2025:12:35:47 +0300] "GET /public/registration.php HTTP/1.1" 200 1588
::1 - - [21/Aug/2025:12:35:47 +0300] "GET /public/assets/css/auth.css HTTP/1.1" 304 -
::1 - - [21/Aug/2025:12:35:47 +0300] "GET /public/assets/js/jquery-3.7.1.slim.min.js HTTP/1.1" 304 -
::1 - - [21/Aug/2025:12:35:47 +0300] "GET /public/assets/js/auth.js HTTP/1.1" 200 316
::1 - - [21/Aug/2025:12:36:58 +0300] "GET /public/registration.php HTTP/1.1" 200 1588
::1 - - [21/Aug/2025:12:36:58 +0300] "GET /public/assets/css/auth.css HTTP/1.1" 304 -
::1 - - [21/Aug/2025:12:36:58 +0300] "GET /public/assets/js/auth.js HTTP/1.1" 200 316
::1 - - [21/Aug/2025:12:37:33 +0300] "GET /public/registration.php HTTP/1.1" 200 1588
::1 - - [21/Aug/2025:12:37:33 +0300] "GET /public/assets/js/jquery-3.7.1.slim.min.js HTTP/1.1" 304 -
::1 - - [21/Aug/2025:12:37:33 +0300] "GET /public/assets/js/auth.js HTTP/1.1" 200 264
::1 - - [21/Aug/2025:12:38:33 +0300] "-" 408 -
::1 - - [21/Aug/2025:12:39:49 +0300] "GET /public/registration.php HTTP/1.1" 200 1588
::1 - - [21/Aug/2025:12:39:49 +0300] "GET /public/assets/css/auth.css HTTP/1.1" 304 -
::1 - - [21/Aug/2025:12:39:49 +0300] "GET /public/assets/js/jquery-3.7.1.slim.min.js HTTP/1.1" 304 -
::1 - - [21/Aug/2025:12:39:49 +0300] "GET /public/assets/js/auth.js HTTP/1.1" 200 255
::1 - - [21/Aug/2025:12:40:00 +0300] "GET /public/registration.php HTTP/1.1" 200 1588
::1 - - [21/Aug/2025:12:40:00 +0300] "GET /public/assets/js/auth.js HTTP/1.1" 200 255
::1 - - [21/Aug/2025:12:41:00 +0300] "-" 408 -
::1 - - [21/Aug/2025:12:41:58 +0300] "GET /public/registration.php HTTP/1.1" 200 1596
::1 - - [21/Aug/2025:12:41:58 +0300] "GET /public/assets/css/auth.css HTTP/1.1" 304 -
::1 - - [21/Aug/2025:12:41:58 +0300] "GET /public/assets/js/jquery-3.7.1.slim.min.js HTTP/1.1" 304 -
::1 - - [21/Aug/2025:12:41:58 +0300] "GET /public/assets/js/registration.js HTTP/1.1" 200 390
::1 - - [21/Aug/2025:12:42:19 +0300] "GET /public/registration.php HTTP/1.1" 200 1596
::1 - - [21/Aug/2025:12:42:19 +0300] "GET /public/assets/js/registration.js HTTP/1.1" 200 389
::1 - - [21/Aug/2025:12:43:13 +0300] "GET /public/registration.php HTTP/1.1" 200 1596
::1 - - [21/Aug/2025:12:43:13 +0300] "GET /public/assets/css/auth.css HTTP/1.1" 304 -
::1 - - [21/Aug/2025:12:43:13 +0300] "GET /public/assets/js/registration.js HTTP/1.1" 304 -
::1 - - [21/Aug/2025:12:44:13 +0300] "-" 408 -
::1 - - [21/Aug/2025:12:49:32 +0300] "GET /public/registration.php HTTP/1.1" 200 1596
::1 - - [21/Aug/2025:12:49:32 +0300] "GET /public/assets/css/auth.css HTTP/1.1" 304 -
::1 - - [21/Aug/2025:12:49:32 +0300] "GET /public/assets/js/jquery-3.7.1.slim.min.js HTTP/1.1" 304 -
::1 - - [21/Aug/2025:12:49:32 +0300] "GET /public/assets/js/registration.js HTTP/1.1" 304 -
::1 - - [21/Aug/2025:12:57:40 +0300] "GET /public/registration.php HTTP/1.1" 200 1596
::1 - - [21/Aug/2025:12:57:40 +0300] "GET /public/assets/css/auth.css HTTP/1.1" 304 -
::1 - - [21/Aug/2025:12:57:40 +0300] "GET /public/assets/js/registration.js HTTP/1.1" 304 -
::1 - - [21/Aug/2025:12:57:40 +0300] "GET /public/assets/js/jquery-3.7.1.slim.min.js HTTP/1.1" 304 -
::1 - - [21/Aug/2025:12:57:41 +0300] "GET /public/registration.php HTTP/1.1" 200 1596
::1 - - [21/Aug/2025:12:58:17 +0300] "GET /public/registration.php HTTP/1.1" 200 622
::1 - - [21/Aug/2025:12:59:08 +0300] "GET /public/registration.php HTTP/1.1" 200 1689
::1 - - [21/Aug/2025:13:00:08 +0300] "-" 408 -
::1 - - [21/Aug/2025:13:02:48 +0300] "GET /public/registration.php HTTP/1.1" 200 34
::1 - - [21/Aug/2025:13:03:48 +0300] "-" 408 -
::1 - - [21/Aug/2025:13:04:35 +0300] "GET /public/registration.php HTTP/1.1" 200 34
::1 - - [21/Aug/2025:13:04:35 +0300] "GET /public/registration.php HTTP/1.1" 200 34
::1 - - [21/Aug/2025:13:04:36 +0300] "GET /public/registration.php HTTP/1.1" 200 34
::1 - - [21/Aug/2025:13:04:36 +0300] "GET /public/registration.php HTTP/1.1" 200 34
::1 - - [21/Aug/2025:13:04:36 +0300] "GET /public/registration.php HTTP/1.1" 200 34
::1 - - [21/Aug/2025:13:04:36 +0300] "GET /public/registration.php HTTP/1.1" 200 34
::1 - - [21/Aug/2025:13:04:36 +0300] "GET /public/registration.php HTTP/1.1" 200 34
::1 - - [21/Aug/2025:13:05:35 +0300] "-" 408 -
::1 - - [21/Aug/2025:13:20:29 +0300] "GET /public/chats.php HTTP/1.1" 200 534
::1 - - [21/Aug/2025:13:21:25 +0300] "GET /public/chats.php HTTP/1.1" 200 599
::1 - - [21/Aug/2025:13:21:25 +0300] "GET /public/assets/css/chats.css HTTP/1.1" 200 215
::1 - - [21/Aug/2025:13:21:34 +0300] "GET /public/chats.php HTTP/1.1" 200 599
::1 - - [21/Aug/2025:13:21:34 +0300] "GET /public/assets/css/chats.css HTTP/1.1" 200 189
::1 - - [21/Aug/2025:13:21:43 +0300] "GET /public/chats.php HTTP/1.1" 200 599
::1 - - [21/Aug/2025:13:21:43 +0300] "GET /public/assets/css/chats.css HTTP/1.1" 200 213
::1 - - [21/Aug/2025:13:22:43 +0300] "-" 408 -
::1 - - [21/Aug/2025:13:23:16 +0300] "GET /public/chats.php HTTP/1.1" 200 599
::1 - - [21/Aug/2025:13:23:16 +0300] "GET /public/assets/css/chats.css HTTP/1.1" 200 297
::1 - - [21/Aug/2025:13:23:34 +0300] "GET /public/chats.php HTTP/1.1" 200 658
::1 - - [21/Aug/2025:13:23:34 +0300] "GET /public/assets/css/chats.css HTTP/1.1" 304 -
::1 - - [21/Aug/2025:13:24:21 +0300] "GET /public/chats.php HTTP/1.1" 200 677
::1 - - [21/Aug/2025:13:24:21 +0300] "GET /public/assets/css/chats.css HTTP/1.1" 200 355
::1 - - [21/Aug/2025:13:24:34 +0300] "GET /public/chats.php HTTP/1.1" 200 677
::1 - - [21/Aug/2025:13:24:34 +0300] "GET /public/assets/css/chats.css HTTP/1.1" 200 381
::1 - - [21/Aug/2025:13:25:34 +0300] "-" 408 -
::1 - - [21/Aug/2025:13:28:32 +0300] "GET /public/chats.php HTTP/1.1" 200 677
::1 - - [21/Aug/2025:13:28:32 +0300] "GET /public/assets/css/chats.css HTTP/1.1" 200 966
::1 - - [21/Aug/2025:13:28:45 +0300] "GET /public/chats.php HTTP/1.1" 200 677
::1 - - [21/Aug/2025:13:28:45 +0300] "GET /public/assets/css/chats.css HTTP/1.1" 200 946
::1 - - [21/Aug/2025:13:28:45 +0300] "GET /public/chats.php HTTP/1.1" 200 677
::1 - - [21/Aug/2025:13:28:45 +0300] "GET /public/assets/css/chats.css HTTP/1.1" 304 -
::1 - - [21/Aug/2025:13:29:04 +0300] "GET /public/chats.php HTTP/1.1" 200 677
::1 - - [21/Aug/2025:13:29:05 +0300] "GET /public/assets/css/chats.css HTTP/1.1" 200 946
::1 - - [21/Aug/2025:13:30:04 +0300] "-" 408 -
::1 - - [21/Aug/2025:13:33:13 +0300] "GET /public/chats.php HTTP/1.1" 200 677
::1 - - [21/Aug/2025:13:33:13 +0300] "GET /public/assets/css/chats.css HTTP/1.1" 304 -
::1 - - [21/Aug/2025:13:34:01 +0300] "GET /public/chats.php HTTP/1.1" 200 677
::1 - - [21/Aug/2025:13:34:01 +0300] "GET /public/assets/css/chats.css HTTP/1.1" 200 1006
::1 - - [21/Aug/2025:13:34:10 +0300] "GET /public/chats.php HTTP/1.1" 200 677
::1 - - [21/Aug/2025:13:34:10 +0300] "GET /public/assets/css/chats.css HTTP/1.1" 200 1026
::1 - - [21/Aug/2025:13:34:20 +0300] "GET /public/assets/css/chats.css HTTP/1.1" 304 -
::1 - - [21/Aug/2025:13:34:20 +0300] "GET /.well-known/appspecific/com.chrome.devtools.json HTTP/1.1" 404 196
::1 - - [21/Aug/2025:13:43:06 +0300] "GET /public/chats.php HTTP/1.1" 200 677
::1 - - [21/Aug/2025:13:43:06 +0300] "GET /.well-known/appspecific/com.chrome.devtools.json HTTP/1.1" 404 196
::1 - - [21/Aug/2025:13:43:06 +0300] "GET /public/assets/css/chats.css HTTP/1.1" 200 1025
::1 - - [21/Aug/2025:13:43:08 +0300] "GET /public/chats.php HTTP/1.1" 200 677
::1 - - [21/Aug/2025:13:43:08 +0300] "GET /.well-known/appspecific/com.chrome.devtools.json HTTP/1.1" 404 196
::1 - - [21/Aug/2025:13:43:13 +0300] "GET /public/chats.php HTTP/1.1" 200 677
::1 - - [21/Aug/2025:13:43:13 +0300] "GET /.well-known/appspecific/com.chrome.devtools.json HTTP/1.1" 404 196
::1 - - [21/Aug/2025:13:43:14 +0300] "GET /public/chats.php HTTP/1.1" 200 677
::1 - - [21/Aug/2025:13:43:14 +0300] "GET /.well-known/appspecific/com.chrome.devtools.json HTTP/1.1" 404 196
::1 - - [21/Aug/2025:13:43:15 +0300] "GET /public/chats.php HTTP/1.1" 200 677
::1 - - [21/Aug/2025:13:43:15 +0300] "GET /.well-known/appspecific/com.chrome.devtools.json HTTP/1.1" 404 196
::1 - - [21/Aug/2025:13:43:50 +0300] "GET /public/chats.php HTTP/1.1" 200 677
::1 - - [21/Aug/2025:13:43:50 +0300] "GET /public/assets/css/chats.css HTTP/1.1" 304 -
::1 - - [21/Aug/2025:13:43:50 +0300] "GET /.well-known/appspecific/com.chrome.devtools.json HTTP/1.1" 404 196
::1 - - [21/Aug/2025:13:44:50 +0300] "-" 408 -
::1 - - [21/Aug/2025:13:45:30 +0300] "GET /.well-known/appspecific/com.chrome.devtools.json HTTP/1.1" 404 196
::1 - - [21/Aug/2025:13:45:31 +0300] "GET /public/registration.php HTTP/1.1" 200 482
::1 - - [21/Aug/2025:13:45:31 +0300] "GET /.well-known/appspecific/com.chrome.devtools.json HTTP/1.1" 404 196
::1 - - [21/Aug/2025:13:45:36 +0300] "GET /public/registration.php HTTP/1.1" 200 34
::1 - - [21/Aug/2025:13:45:36 +0300] "GET /.well-known/appspecific/com.chrome.devtools.json HTTP/1.1" 404 196
::1 - - [21/Aug/2025:13:46:36 +0300] "-" 408 -
::1 - - [21/Aug/2025:13:47:32 +0300] "GET /public/registration.php HTTP/1.1" 200 34
::1 - - [21/Aug/2025:13:47:32 +0300] "GET /.well-known/appspecific/com.chrome.devtools.json HTTP/1.1" 404 196
::1 - - [21/Aug/2025:13:47:32 +0300] "GET /public/registration.php HTTP/1.1" 200 34
::1 - - [21/Aug/2025:13:47:32 +0300] "GET /.well-known/appspecific/com.chrome.devtools.json HTTP/1.1" 404 196
::1 - - [21/Aug/2025:13:47:33 +0300] "GET /public/registration.php HTTP/1.1" 200 34
::1 - - [21/Aug/2025:13:47:33 +0300] "GET /.well-known/appspecific/com.chrome.devtools.json HTTP/1.1" 404 196
::1 - - [21/Aug/2025:13:48:32 +0300] "-" 408 -
::1 - - [21/Aug/2025:13:50:12 +0300] "GET /public/registration.php HTTP/1.1" 200 98
::1 - - [21/Aug/2025:13:50:12 +0300] "GET /.well-known/appspecific/com.chrome.devtools.json HTTP/1.1" 404 196
::1 - - [21/Aug/2025:13:50:17 +0300] "GET /public/registration.php HTTP/1.1" 200 98
::1 - - [21/Aug/2025:13:50:17 +0300] "GET /.well-known/appspecific/com.chrome.devtools.json HTTP/1.1" 404 196
::1 - - [21/Aug/2025:13:50:33 +0300] "GET /public/registration.php HTTP/1.1" 200 99
::1 - - [21/Aug/2025:13:50:33 +0300] "GET /.well-known/appspecific/com.chrome.devtools.json HTTP/1.1" 404 196
::1 - - [21/Aug/2025:13:50:34 +0300] "GET /public/registration.php HTTP/1.1" 200 99
::1 - - [21/Aug/2025:13:50:34 +0300] "GET /.well-known/appspecific/com.chrome.devtools.json HTTP/1.1" 404 196
::1 - - [21/Aug/2025:13:50:52 +0300] "GET /public/registration.php HTTP/1.1" 200 98
::1 - - [21/Aug/2025:13:50:52 +0300] "GET /.well-known/appspecific/com.chrome.devtools.json HTTP/1.1" 404 196
::1 - - [21/Aug/2025:13:51:39 +0300] "GET /public/registration.php HTTP/1.1" 200 1611
::1 - - [21/Aug/2025:13:51:39 +0300] "GET /.well-known/appspecific/com.chrome.devtools.json HTTP/1.1" 404 196
::1 - - [21/Aug/2025:13:51:39 +0300] "GET /public/assets/css/auth.css HTTP/1.1" 304 -
::1 - - [21/Aug/2025:13:51:39 +0300] "GET /public/assets/js/jquery-3.7.1.slim.min.js HTTP/1.1" 304 -
::1 - - [21/Aug/2025:13:51:39 +0300] "GET /public/assets/js/registration.js HTTP/1.1" 304 -
::1 - - [21/Aug/2025:14:17:04 +0300] "GET /public/registration.php HTTP/1.1" 200 1631
::1 - - [21/Aug/2025:14:17:04 +0300] "GET /public/assets/css/auth.css HTTP/1.1" 304 -
::1 - - [21/Aug/2025:14:17:04 +0300] "GET /public/assets/js/jquery-3.7.1.slim.min.js HTTP/1.1" 304 -
::1 - - [21/Aug/2025:14:17:04 +0300] "GET /public/assets/js/registration.js HTTP/1.1" 304 -
::1 - - [21/Aug/2025:14:17:15 +0300] "GET /public/registration.php HTTP/1.1" 200 1627
::1 - - [21/Aug/2025:14:18:15 +0300] "-" 408 -
::1 - - [21/Aug/2025:14:18:54 +0300] "GET /public/registration.php HTTP/1.1" 200 1595
::1 - - [21/Aug/2025:14:19:54 +0300] "-" 408 -
::1 - - [21/Aug/2025:14:25:06 +0300] "GET /public/registration.php HTTP/1.1" 200 1596
::1 - - [21/Aug/2025:14:25:06 +0300] "GET /public/registration.php HTTP/1.1" 200 1596
::1 - - [21/Aug/2025:14:25:07 +0300] "GET /public/registration.php HTTP/1.1" 200 1596
::1 - - [21/Aug/2025:14:25:07 +0300] "GET /public/registration.php HTTP/1.1" 200 1596
::1 - - [21/Aug/2025:14:26:02 +0300] "GET /public/registration.php HTTP/1.1" 200 1633
::1 - - [21/Aug/2025:14:26:30 +0300] "GET /public/registration.php HTTP/1.1" 200 1601
::1 - - [21/Aug/2025:14:27:30 +0300] "-" 408 -
::1 - - [21/Aug/2025:14:33:12 +0300] "GET /public/registration.php HTTP/1.1" 200 1599
::1 - - [21/Aug/2025:14:33:13 +0300] "GET /public/assets/js/jquery-3.7.1.slim.min.js HTTP/1.1" 304 -
::1 - - [21/Aug/2025:14:33:13 +0300] "GET /public/assets/js/registration.js HTTP/1.1" 304 -
::1 - - [21/Aug/2025:14:33:13 +0300] "GET /public/assets/css/auth.css HTTP/1.1" 304 -
::1 - - [21/Aug/2025:14:33:13 +0300] "GET /public/registration.php HTTP/1.1" 200 1599
::1 - - [21/Aug/2025:14:33:14 +0300] "GET /public/registration.php HTTP/1.1" 200 1599
::1 - - [21/Aug/2025:14:33:20 +0300] "GET /public/registration.php HTTP/1.1" 200 1601
::1 - - [21/Aug/2025:14:34:20 +0300] "-" 408 -
::1 - - [21/Aug/2025:14:35:27 +0300] "GET /public/registration.php HTTP/1.1" 200 332
::1 - - [21/Aug/2025:14:35:42 +0300] "GET /public/registration.php HTTP/1.1" 200 432
::1 - - [21/Aug/2025:14:35:52 +0300] "GET /public/registration.php HTTP/1.1" 200 1601
::1 - - [21/Aug/2025:14:36:52 +0300] "-" 408 -
::1 - - [21/Aug/2025:14:47:06 +0300] "GET /public/registration.php HTTP/1.1" 200 1601
::1 - - [21/Aug/2025:14:47:06 +0300] "GET /public/assets/css/auth.css HTTP/1.1" 304 -
::1 - - [21/Aug/2025:14:47:06 +0300] "GET /public/assets/js/jquery-3.7.1.slim.min.js HTTP/1.1" 304 -
::1 - - [21/Aug/2025:14:47:06 +0300] "GET /public/assets/js/registration.js HTTP/1.1" 304 -
::1 - - [21/Aug/2025:14:56:47 +0300] "GET /public/registration.php HTTP/1.1" 200 1593
::1 - - [21/Aug/2025:14:57:47 +0300] "-" 408 -
::1 - - [21/Aug/2025:14:58:46 +0300] "GET /public/registration.php HTTP/1.1" 200 1593
::1 - - [21/Aug/2025:14:59:46 +0300] "-" 408 -
::1 - - [21/Aug/2025:15:00:01 +0300] "GET /public/registration.php HTTP/1.1" 200 1593
::1 - - [21/Aug/2025:15:00:01 +0300] "GET /public/assets/js/registration.js HTTP/1.1" 304 -
::1 - - [21/Aug/2025:15:00:02 +0300] "GET /public/registration.php HTTP/1.1" 200 1593
::1 - - [21/Aug/2025:15:00:43 +0300] "GET /public/registration.php HTTP/1.1" 200 1593
::1 - - [21/Aug/2025:15:00:43 +0300] "GET /public/assets/css/auth.css HTTP/1.1" 304 -
::1 - - [21/Aug/2025:15:01:40 +0300] "GET /.well-known/appspecific/com.chrome.devtools.json HTTP/1.1" 404 196
::1 - - [21/Aug/2025:15:01:44 +0300] "GET /public/registration.php HTTP/1.1" 200 1602
::1 - - [21/Aug/2025:15:01:44 +0300] "GET /.well-known/appspecific/com.chrome.devtools.json HTTP/1.1" 404 196
::1 - - [21/Aug/2025:15:01:44 +0300] "GET /public/assets/css/auth.css HTTP/1.1" 200 1356
::1 - - [21/Aug/2025:15:01:44 +0300] "GET /public/assets/js/jquery-3.7.1.slim.min.js HTTP/1.1" 200 70264
::1 - - [21/Aug/2025:15:01:44 +0300] "GET /favicon.ico HTTP/1.1" 404 196
::1 - - [21/Aug/2025:15:02:08 +0300] "GET /public/registration.php?login=alex&email=mail%40mail.ru&password=12345678&password_confirm=12345678 HTTP/1.1" 200 100
::1 - - [21/Aug/2025:15:02:09 +0300] "GET /.well-known/appspecific/com.chrome.devtools.json HTTP/1.1" 404 196
::1 - - [21/Aug/2025:15:03:08 +0300] "-" 408 -
::1 - - [21/Aug/2025:15:09:45 +0300] "GET /public/registration.php HTTP/1.1" 200 1602
::1 - - [21/Aug/2025:15:09:45 +0300] "GET /.well-known/appspecific/com.chrome.devtools.json HTTP/1.1" 404 196
::1 - - [21/Aug/2025:15:09:46 +0300] "GET /public/registration.php HTTP/1.1" 200 1602
::1 - - [21/Aug/2025:15:09:46 +0300] "GET /.well-known/appspecific/com.chrome.devtools.json HTTP/1.1" 404 196
::1 - - [21/Aug/2025:15:10:11 +0300] "GET /public/registration.php?login=alex&email=mail%40mail.ru&password=12345678&password_confirm=12345678 HTTP/1.1" 200 100
::1 - - [21/Aug/2025:15:10:11 +0300] "GET /.well-known/appspecific/com.chrome.devtools.json HTTP/1.1" 404 196
::1 - - [21/Aug/2025:15:10:42 +0300] "GET /public/registration.php HTTP/1.1" 200 1602
::1 - - [21/Aug/2025:15:10:42 +0300] "GET /.well-known/appspecific/com.chrome.devtools.json HTTP/1.1" 404 196
::1 - - [21/Aug/2025:15:10:44 +0300] "GET /public/registration.php HTTP/1.1" 200 1602
::1 - - [21/Aug/2025:15:10:44 +0300] "GET /.well-known/appspecific/com.chrome.devtools.json HTTP/1.1" 404 196
::1 - - [21/Aug/2025:15:10:53 +0300] "GET /public/registration.php?login=alex&email=mail%40mail.ru&password=12345678&password_confirm=12345678 HTTP/1.1" 200 100
::1 - - [21/Aug/2025:15:10:53 +0300] "GET /.well-known/appspecific/com.chrome.devtools.json HTTP/1.1" 404 196
::1 - - [21/Aug/2025:15:11:53 +0300] "-" 408 -
::1 - - [21/Aug/2025:15:15:36 +0300] "GET /public/registration.php?login=alex&email=mail%40mail.ru&password=12345678&password_confirm=12345678 HTTP/1.1" 200 1739
::1 - - [21/Aug/2025:15:15:36 +0300] "GET /.well-known/appspecific/com.chrome.devtools.json HTTP/1.1" 404 196
::1 - - [21/Aug/2025:15:16:28 +0300] "GET /public/registration.php?login=alex&email=mail%40mail.ru&password=12345678&password_confirm=12345678 HTTP/1.1" 200 1624
::1 - - [21/Aug/2025:15:16:28 +0300] "GET /.well-known/appspecific/com.chrome.devtools.json HTTP/1.1" 404 196
::1 - - [21/Aug/2025:15:16:55 +0300] "GET /public/registration.php?login=alex&email=mail%40mail.ru&password=12345678&password_confirm=12345678 HTTP/1.1" 200 1727
::1 - - [21/Aug/2025:15:16:55 +0300] "GET /.well-known/appspecific/com.chrome.devtools.json HTTP/1.1" 404 196
::1 - - [21/Aug/2025:15:16:55 +0300] "GET /public/assets/css/auth.css HTTP/1.1" 304 -
::1 - - [21/Aug/2025:15:17:26 +0300] "GET /public/registration.php?login=alex&email=mail%40mail.ru&password=12345678&password_confirm=12345678 HTTP/1.1" 200 1685
::1 - - [21/Aug/2025:15:17:26 +0300] "GET /.well-known/appspecific/com.chrome.devtools.json HTTP/1.1" 404 196
::1 - - [21/Aug/2025:15:18:26 +0300] "-" 408 -
::1 - - [21/Aug/2025:15:18:53 +0300] "GET /public/registration.php?login=alex&email=mail%40mail.ru&password=12345678&password_confirm=12345678 HTTP/1.1" 200 1685
::1 - - [21/Aug/2025:15:18:54 +0300] "GET /.well-known/appspecific/com.chrome.devtools.json HTTP/1.1" 404 196
::1 - - [21/Aug/2025:15:18:54 +0300] "GET /public/assets/js/jquery-3.7.1.slim.min.js HTTP/1.1" 304 -
::1 - - [21/Aug/2025:15:18:55 +0300] "GET /public/registration.php?login=alex&email=mail%40mail.ru&password=12345678&password_confirm=12345678 HTTP/1.1" 200 1685
::1 - - [21/Aug/2025:15:18:55 +0300] "GET /.well-known/appspecific/com.chrome.devtools.json HTTP/1.1" 404 196
::1 - - [21/Aug/2025:15:18:56 +0300] "GET /public/registration.php?login=alex&email=mail%40mail.ru&password=12345678&password_confirm=12345678 HTTP/1.1" 200 1685
::1 - - [21/Aug/2025:15:18:56 +0300] "GET /.well-known/appspecific/com.chrome.devtools.json HTTP/1.1" 404 196
::1 - - [21/Aug/2025:15:19:14 +0300] "GET /public/registration.php?login=alex&email=mail%40mail.ru&password=12345678&password_confirm=12345678 HTTP/1.1" 200 1747
::1 - - [21/Aug/2025:15:19:14 +0300] "GET /.well-known/appspecific/com.chrome.devtools.json HTTP/1.1" 404 196
::1 - - [21/Aug/2025:15:20:14 +0300] "-" 408 -
::1 - - [21/Aug/2025:15:20:51 +0300] "GET /public/registration.php?login=alex&email=mail%40mail.ru&password=12345678&password_confirm=12345678 HTTP/1.1" 200 1737
::1 - - [21/Aug/2025:15:20:51 +0300] "GET /.well-known/appspecific/com.chrome.devtools.json HTTP/1.1" 404 196
::1 - - [21/Aug/2025:15:21:22 +0300] "GET /public/registration.php?login=alex&email=mail%40mail.ru&password=12345678&password_confirm=12345678 HTTP/1.1" 200 100
::1 - - [21/Aug/2025:15:21:22 +0300] "GET /.well-known/appspecific/com.chrome.devtools.json HTTP/1.1" 404 196
::1 - - [21/Aug/2025:15:21:42 +0300] "GET /public/registration.php?login=alex&email=mail%40mail.ru&password=12345678&password_confirm=12345678 HTTP/1.1" 200 100
::1 - - [21/Aug/2025:15:21:42 +0300] "GET /.well-known/appspecific/com.chrome.devtools.json HTTP/1.1" 404 196
::1 - - [21/Aug/2025:15:22:16 +0300] "GET /public/registration.php?login=alex&email=mail%40mail.ru&password=12345678&password_confirm=12345678 HTTP/1.1" 200 1737
::1 - - [21/Aug/2025:15:22:16 +0300] "GET /.well-known/appspecific/com.chrome.devtools.json HTTP/1.1" 404 196
::1 - - [21/Aug/2025:15:22:42 +0300] "GET /public/registration.php?login=alex&email=mail%40mail.ru&password=12345678&password_confirm=12345678 HTTP/1.1" 200 1800
::1 - - [21/Aug/2025:15:22:42 +0300] "GET /.well-known/appspecific/com.chrome.devtools.json HTTP/1.1" 404 196
::1 - - [21/Aug/2025:15:23:42 +0300] "-" 408 -
::1 - - [21/Aug/2025:15:24:22 +0300] "GET /public/registration.php?login=alex&email=mail%40mail.ru&password=12345678&password_confirm=12345678 HTTP/1.1" 200 1739
::1 - - [21/Aug/2025:15:24:23 +0300] "GET /.well-known/appspecific/com.chrome.devtools.json HTTP/1.1" 404 196
::1 - - [21/Aug/2025:15:25:23 +0300] "-" 408 -
::1 - - [21/Aug/2025:15:25:29 +0300] "GET /public/registration.php?login=alex&email=mail%40mail.ru&password=12345678&password_confirm=12345678 HTTP/1.1" 200 1739
::1 - - [21/Aug/2025:15:25:29 +0300] "GET /.well-known/appspecific/com.chrome.devtools.json HTTP/1.1" 404 196
::1 - - [21/Aug/2025:15:25:30 +0300] "GET /public/registration.php?login=alex&email=mail%40mail.ru&password=12345678&password_confirm=12345678 HTTP/1.1" 200 1739
::1 - - [21/Aug/2025:15:25:30 +0300] "GET /.well-known/appspecific/com.chrome.devtools.json HTTP/1.1" 404 196
::1 - - [21/Aug/2025:15:26:29 +0300] "-" 408 -
::1 - - [21/Aug/2025:15:26:39 +0300] "GET /public/registration.php?login=alex&email=mail%40mail.ru&password=12345678&password_confirm=12345678 HTTP/1.1" 200 100
::1 - - [21/Aug/2025:15:26:40 +0300] "GET /.well-known/appspecific/com.chrome.devtools.json HTTP/1.1" 404 196
::1 - - [21/Aug/2025:15:27:39 +0300] "-" 408 -
::1 - - [21/Aug/2025:15:28:21 +0300] "GET /public/registration.php?login=alex&email=mail%40mail.ru&password=12345678&password_confirm=12345678 HTTP/1.1" 200 1737
::1 - - [21/Aug/2025:15:28:21 +0300] "GET /.well-known/appspecific/com.chrome.devtools.json HTTP/1.1" 404 196
::1 - - [21/Aug/2025:15:28:38 +0300] "GET /public/registration.php?login=alex&email=mail%40mail.ru&password=12345678&password_confirm=12345678 HTTP/1.1" 200 1739
::1 - - [21/Aug/2025:15:28:38 +0300] "GET /.well-known/appspecific/com.chrome.devtools.json HTTP/1.1" 404 196
::1 - - [21/Aug/2025:15:29:38 +0300] "-" 408 -
::1 - - [21/Aug/2025:15:32:14 +0300] "GET /public/registration.php?login=alex&email=mail%40mail.ru&password=12345678&password_confirm=12345678 HTTP/1.1" 200 1745
::1 - - [21/Aug/2025:15:32:15 +0300] "GET /.well-known/appspecific/com.chrome.devtools.json HTTP/1.1" 404 196
::1 - - [21/Aug/2025:15:32:35 +0300] "GET /public/registration.php?login=alex&email=mail%40mail.ru&password=12345678&password_confirm=12345678 HTTP/1.1" 200 1742
::1 - - [21/Aug/2025:15:32:35 +0300] "GET /.well-known/appspecific/com.chrome.devtools.json HTTP/1.1" 404 196
::1 - - [21/Aug/2025:15:32:53 +0300] "GET /public/registration.php?login=alex&email=mail%40mail.ru&password=12345678&password_confirm=12345678 HTTP/1.1" 200 1723
::1 - - [21/Aug/2025:15:32:53 +0300] "GET /.well-known/appspecific/com.chrome.devtools.json HTTP/1.1" 404 196
::1 - - [21/Aug/2025:15:33:53 +0300] "-" 408 -
::1 - - [21/Aug/2025:15:33:57 +0300] "GET /public/registration.php?login=alex&email=mail%40mail.ru&password=12345678&password_confirm=12345678 HTTP/1.1" 200 1737
::1 - - [21/Aug/2025:15:33:57 +0300] "GET /.well-known/appspecific/com.chrome.devtools.json HTTP/1.1" 404 196
::1 - - [21/Aug/2025:15:33:57 +0300] "GET /public/assets/css/auth.css HTTP/1.1" 304 -
::1 - - [21/Aug/2025:15:34:10 +0300] "GET /public/registration.php?login=alex&email=mail%40mail.ru&password=12345678&password_confirm=12345678 HTTP/1.1" 200 1742
::1 - - [21/Aug/2025:15:34:10 +0300] "GET /.well-known/appspecific/com.chrome.devtools.json HTTP/1.1" 404 196
::1 - - [21/Aug/2025:15:35:10 +0300] "-" 408 -
::1 - - [21/Aug/2025:15:35:25 +0300] "GET /public/registration.php?login=alex&email=mail%40mail.ru&password=12345678&password_confirm=12345678 HTTP/1.1" 200 100
::1 - - [21/Aug/2025:15:35:25 +0300] "GET /.well-known/appspecific/com.chrome.devtools.json HTTP/1.1" 404 196
::1 - - [21/Aug/2025:15:35:38 +0300] "GET /public/registration.php?login=alex&email=mail%40mail.ru&password=12345678&password_confirm=12345678 HTTP/1.1" 200 1737
::1 - - [21/Aug/2025:15:35:38 +0300] "GET /.well-known/appspecific/com.chrome.devtools.json HTTP/1.1" 404 196
::1 - - [21/Aug/2025:15:36:06 +0300] "GET /public/registration.php?login=alex&email=mail%40mail.ru&password=12345678&password_confirm=12345678 HTTP/1.1" 200 1624
::1 - - [21/Aug/2025:15:36:06 +0300] "GET /.well-known/appspecific/com.chrome.devtools.json HTTP/1.1" 404 196
::1 - - [21/Aug/2025:15:36:32 +0300] "GET /public/registration.php?login=alex&email=mail%40mail.ru&password=12345678&password_confirm=12345678 HTTP/1.1" 200 100
::1 - - [21/Aug/2025:15:36:32 +0300] "GET /.well-known/appspecific/com.chrome.devtools.json HTTP/1.1" 404 196
::1 - - [21/Aug/2025:15:37:14 +0300] "GET /public/registration.php?login=alex&email=mail%40mail.ru&password=12345678&password_confirm=12345678 HTTP/1.1" 200 100
::1 - - [21/Aug/2025:15:37:14 +0300] "GET /.well-known/appspecific/com.chrome.devtools.json HTTP/1.1" 404 196
::1 - - [21/Aug/2025:15:38:14 +0300] "-" 408 -
::1 - - [21/Aug/2025:15:38:49 +0300] "GET /public/registration.php?login=alex&email=mail%40mail.ru&password=12345678&password_confirm=12345678 HTTP/1.1" 200 2072
::1 - - [21/Aug/2025:15:38:49 +0300] "GET /.well-known/appspecific/com.chrome.devtools.json HTTP/1.1" 404 196
::1 - - [21/Aug/2025:15:38:49 +0300] "GET /public/assets/js/jquery-3.7.1.slim.min.js HTTP/1.1" 304 -
::1 - - [21/Aug/2025:15:40:10 +0300] "GET /public/registration.php?login=alex&email=mail%40mail.ru&password=12345678&password_confirm=12345678 HTTP/1.1" 200 1742
::1 - - [21/Aug/2025:15:40:11 +0300] "GET /.well-known/appspecific/com.chrome.devtools.json HTTP/1.1" 404 196
::1 - - [21/Aug/2025:15:40:35 +0300] "GET /public/registration.php?login=alex&email=mail%40mail.ru&password=12345678&password_confirm=12345678 HTTP/1.1" 200 1669
::1 - - [21/Aug/2025:15:40:36 +0300] "GET /.well-known/appspecific/com.chrome.devtools.json HTTP/1.1" 404 196
::1 - - [21/Aug/2025:15:40:41 +0300] "GET /public/registration.php?login=alex&email=mail%40mail.ru&password=12345678&password_confirm=12345678 HTTP/1.1" 200 1742
::1 - - [21/Aug/2025:15:40:41 +0300] "GET /.well-known/appspecific/com.chrome.devtools.json HTTP/1.1" 404 196
::1 - - [21/Aug/2025:15:41:07 +0300] "GET /public/registration.php?login=alex&email=mail%40mail.ru&password=12345678&password_confirm=12345678 HTTP/1.1" 200 1739
::1 - - [21/Aug/2025:15:41:07 +0300] "GET /.well-known/appspecific/com.chrome.devtools.json HTTP/1.1" 404 196
::1 - - [21/Aug/2025:15:41:49 +0300] "GET /public/registration.php?login=alex&email=mail%40mail.ru&password=12345678&password_confirm=12345678 HTTP/1.1" 200 1739
::1 - - [21/Aug/2025:15:41:49 +0300] "GET /.well-known/appspecific/com.chrome.devtools.json HTTP/1.1" 404 196
::1 - - [21/Aug/2025:15:41:50 +0300] "GET /public/registration.php?login=alex&email=mail%40mail.ru&password=12345678&password_confirm=12345678 HTTP/1.1" 200 1739
::1 - - [21/Aug/2025:15:41:51 +0300] "GET /.well-known/appspecific/com.chrome.devtools.json HTTP/1.1" 404 196
::1 - - [21/Aug/2025:15:41:51 +0300] "GET /public/registration.php?login=alex&email=mail%40mail.ru&password=12345678&password_confirm=12345678 HTTP/1.1" 200 1739
::1 - - [21/Aug/2025:15:41:51 +0300] "GET /.well-known/appspecific/com.chrome.devtools.json HTTP/1.1" 404 196
::1 - - [21/Aug/2025:15:41:58 +0300] "GET /public/registration.php?login=alex&email=mail%40mail.ru&password=12345678&password_confirm=12345678 HTTP/1.1" 200 1736
::1 - - [21/Aug/2025:15:41:58 +0300] "GET /.well-known/appspecific/com.chrome.devtools.json HTTP/1.1" 404 196
::1 - - [21/Aug/2025:15:41:59 +0300] "GET /public/registration.php?login=alex&email=mail%40mail.ru&password=12345678&password_confirm=12345678 HTTP/1.1" 200 1736
::1 - - [21/Aug/2025:15:41:59 +0300] "GET /.well-known/appspecific/com.chrome.devtools.json HTTP/1.1" 404 196
::1 - - [21/Aug/2025:15:42:02 +0300] "GET /public/registration.php?login=alex&email=mail%40mail.ru&password=12345678&password_confirm=12345678 HTTP/1.1" 200 1739
::1 - - [21/Aug/2025:15:42:03 +0300] "GET /.well-known/appspecific/com.chrome.devtools.json HTTP/1.1" 404 196
::1 - - [21/Aug/2025:15:44:11 +0300] "GET /public/registration.php?login=alex&email=mail%40mail.ru&password=12345678&password_confirm=12345678 HTTP/1.1" 200 1739
::1 - - [21/Aug/2025:15:44:11 +0300] "GET /.well-known/appspecific/com.chrome.devtools.json HTTP/1.1" 404 196
::1 - - [21/Aug/2025:15:44:13 +0300] "GET /public/registration.php?login=alex&email=mail%40mail.ru&password=12345678&password_confirm=12345678 HTTP/1.1" 200 1739
::1 - - [21/Aug/2025:15:44:13 +0300] "GET /.well-known/appspecific/com.chrome.devtools.json HTTP/1.1" 404 196
::1 - - [21/Aug/2025:15:44:48 +0300] "GET /public/registration.php?login=alex&email=mail%40mail.ru&password=12345678&password_confirm=12345678 HTTP/1.1" 200 1739
::1 - - [21/Aug/2025:15:44:48 +0300] "GET /.well-known/appspecific/com.chrome.devtools.json HTTP/1.1" 404 196
::1 - - [21/Aug/2025:15:44:48 +0300] "GET /public/assets/css/auth.css HTTP/1.1" 200 1356
::1 - - [21/Aug/2025:15:44:48 +0300] "GET /public/assets/js/jquery-3.7.1.slim.min.js HTTP/1.1" 200 70264
::1 - - [21/Aug/2025:15:44:48 +0300] "GET /favicon.ico HTTP/1.1" 404 196
::1 - - [21/Aug/2025:15:45:09 +0300] "GET /public/registration.php?login=alex&email=mail%40mail.ru&password=12345678&password_confirm=12345678 HTTP/1.1" 200 1651
::1 - - [21/Aug/2025:15:45:09 +0300] "GET /.well-known/appspecific/com.chrome.devtools.json HTTP/1.1" 404 196
::1 - - [21/Aug/2025:15:45:40 +0300] "GET /public/registration.php?login=alex&email=mail%40mail.ru&password=12345678&password_confirm=12345678 HTTP/1.1" 200 1661
::1 - - [21/Aug/2025:15:45:41 +0300] "GET /.well-known/appspecific/com.chrome.devtools.json HTTP/1.1" 404 196
::1 - - [21/Aug/2025:15:46:32 +0300] "GET /public/registration.php?login=alex&email=mail%40mail.ru&password=12345678&password_confirm=12345678 HTTP/1.1" 200 1602
::1 - - [21/Aug/2025:15:46:32 +0300] "GET /.well-known/appspecific/com.chrome.devtools.json HTTP/1.1" 404 196
::1 - - [21/Aug/2025:15:47:32 +0300] "-" 408 -
::1 - - [21/Aug/2025:15:47:39 +0300] "GET /public/registration.php?login=alex&email=mail%40mail.ru&password=12345678&password_confirm=12345678 HTTP/1.1" 200 1602
::1 - - [21/Aug/2025:15:47:39 +0300] "GET /.well-known/appspecific/com.chrome.devtools.json HTTP/1.1" 404 196
::1 - - [21/Aug/2025:15:48:39 +0300] "-" 408 -
::1 - - [21/Aug/2025:15:49:16 +0300] "GET /public/registration.php?login=alex&email=mail%40mail.ru&password=12345678&password_confirm=12345678 HTTP/1.1" 200 98
::1 - - [21/Aug/2025:15:49:16 +0300] "GET /.well-known/appspecific/com.chrome.devtools.json HTTP/1.1" 404 196
::1 - - [21/Aug/2025:15:49:28 +0300] "GET /public/registration.php HTTP/1.1" 200 1602
::1 - - [21/Aug/2025:15:49:28 +0300] "GET /.well-known/appspecific/com.chrome.devtools.json HTTP/1.1" 404 196
::1 - - [21/Aug/2025:15:58:22 +0300] "GET /public/registration.php HTTP/1.1" 200 631
::1 - - [21/Aug/2025:15:58:22 +0300] "GET /.well-known/appspecific/com.chrome.devtools.json HTTP/1.1" 404 196
::1 - - [21/Aug/2025:15:58:45 +0300] "GET /public/registration.php HTTP/1.1" 200 1823
::1 - - [21/Aug/2025:15:58:45 +0300] "GET /.well-known/appspecific/com.chrome.devtools.json HTTP/1.1" 404 196
::1 - - [21/Aug/2025:15:58:58 +0300] "GET /public/registration.php HTTP/1.1" 200 1612
::1 - - [21/Aug/2025:15:58:58 +0300] "GET /.well-known/appspecific/com.chrome.devtools.json HTTP/1.1" 404 196
::1 - - [21/Aug/2025:15:59:58 +0300] "-" 408 -
::1 - - [21/Aug/2025:16:06:02 +0300] "GET /public/registration.php HTTP/1.1" 200 1823
::1 - - [21/Aug/2025:16:06:02 +0300] "GET /public/assets/css/auth.css HTTP/1.1" 304 -
::1 - - [21/Aug/2025:16:06:02 +0300] "GET /.well-known/appspecific/com.chrome.devtools.json HTTP/1.1" 404 196
::1 - - [21/Aug/2025:16:06:02 +0300] "GET /public/assets/js/jquery-3.7.1.slim.min.js HTTP/1.1" 304 -
::1 - - [21/Aug/2025:16:06:28 +0300] "GET /public/registration.php HTTP/1.1" 200 1823
::1 - - [21/Aug/2025:16:06:28 +0300] "GET /.well-known/appspecific/com.chrome.devtools.json HTTP/1.1" 404 196
::1 - - [21/Aug/2025:16:06:35 +0300] "GET /public/registration.php HTTP/1.1" 200 1602
::1 - - [21/Aug/2025:16:06:35 +0300] "GET /.well-known/appspecific/com.chrome.devtools.json HTTP/1.1" 404 196
::1 - - [21/Aug/2025:16:06:46 +0300] "GET /public/registration.php?login=alex&email=mail%40mail.ru&password=12345678&password_confirm=12345678 HTTP/1.1" 200 98
::1 - - [21/Aug/2025:16:06:47 +0300] "GET /.well-known/appspecific/com.chrome.devtools.json HTTP/1.1" 404 196
::1 - - [21/Aug/2025:16:07:38 +0300] "GET /public/registration.php?login=alex&email=mail%40mail.ru&password=12345678&password_confirm=12345678 HTTP/1.1" 200 588
::1 - - [21/Aug/2025:16:07:38 +0300] "GET /.well-known/appspecific/com.chrome.devtools.json HTTP/1.1" 404 196
::1 - - [21/Aug/2025:16:08:02 +0300] "GET /public/registration.php?login=alex&email=mail%40mail.ru&password=12345678&password_confirm=12345678 HTTP/1.1" 200 588
::1 - - [21/Aug/2025:16:08:02 +0300] "GET /.well-known/appspecific/com.chrome.devtools.json HTTP/1.1" 404 196
::1 - - [21/Aug/2025:16:08:08 +0300] "GET /public/registration.php?login=alex&email=mail%40mail.ru&password=12345678&password_confirm=12345678 HTTP/1.1" 200 -
::1 - - [21/Aug/2025:16:08:08 +0300] "GET /.well-known/appspecific/com.chrome.devtools.json HTTP/1.1" 404 196
::1 - - [21/Aug/2025:16:08:40 +0300] "GET /public/registration.php?login=alex&email=mail%40mail.ru&password=12345678&password_confirm=12345678 HTTP/1.1" 200 -
::1 - - [21/Aug/2025:16:08:40 +0300] "GET /.well-known/appspecific/com.chrome.devtools.json HTTP/1.1" 404 196
::1 - - [21/Aug/2025:16:08:41 +0300] "GET /public/registration.php?login=alex&email=mail%40mail.ru&password=12345678&password_confirm=12345678 HTTP/1.1" 200 -
::1 - - [21/Aug/2025:16:08:42 +0300] "GET /.well-known/appspecific/com.chrome.devtools.json HTTP/1.1" 404 196
::1 - - [21/Aug/2025:16:09:33 +0300] "GET /public/registration.php?login=alex&email=mail%40mail.ru&password=12345678&password_confirm=12345678 HTTP/1.1" 200 103
::1 - - [21/Aug/2025:16:09:33 +0300] "GET /.well-known/appspecific/com.chrome.devtools.json HTTP/1.1" 404 196
::1 - - [21/Aug/2025:16:09:44 +0300] "GET /public/registration.php?login=alex&email=mail%40mail.ru&password=12345678&password_confirm=12345678 HTTP/1.1" 200 98
::1 - - [21/Aug/2025:16:09:44 +0300] "GET /.well-known/appspecific/com.chrome.devtools.json HTTP/1.1" 404 196
::1 - - [21/Aug/2025:16:10:44 +0300] "-" 408 -
::1 - - [21/Aug/2025:16:18:14 +0300] "GET /public/registration.php?login=alex&email=mail%40mail.ru&password=12345678&password_confirm=12345678 HTTP/1.1" 200 1853
::1 - - [21/Aug/2025:16:18:14 +0300] "GET /.well-known/appspecific/com.chrome.devtools.json HTTP/1.1" 404 196
::1 - - [21/Aug/2025:16:18:39 +0300] "GET /public/registration.php?login=alex&email=mail%40mail.ru&password=12345678&password_confirm=12345678 HTTP/1.1" 200 1853
::1 - - [21/Aug/2025:16:18:39 +0300] "GET /.well-known/appspecific/com.chrome.devtools.json HTTP/1.1" 404 196
::1 - - [21/Aug/2025:16:18:39 +0300] "GET /public/assets/css/auth.css HTTP/1.1" 200 1417
::1 - - [21/Aug/2025:16:18:39 +0300] "GET /public/assets/js/jquery-3.7.1.slim.min.js HTTP/1.1" 200 70264
::1 - - [21/Aug/2025:16:18:39 +0300] "GET /favicon.ico HTTP/1.1" 404 196
::1 - - [21/Aug/2025:16:20:22 +0300] "GET /public/registration.php HTTP/1.1" 200 1627
::1 - - [21/Aug/2025:16:20:22 +0300] "GET /.well-known/appspecific/com.chrome.devtools.json HTTP/1.1" 404 196
::1 - - [21/Aug/2025:16:20:22 +0300] "GET /public/assets/css/auth.css HTTP/1.1" 304 -
::1 - - [21/Aug/2025:16:20:37 +0300] "POST /public/registration.php HTTP/1.1" 200 1854
::1 - - [21/Aug/2025:16:20:37 +0300] "GET /.well-known/appspecific/com.chrome.devtools.json HTTP/1.1" 404 196
::1 - - [21/Aug/2025:16:20:37 +0300] "GET /public/assets/css/auth.css HTTP/1.1" 304 -
::1 - - [21/Aug/2025:16:20:47 +0300] "POST /public/registration.php HTTP/1.1" 200 1854
::1 - - [21/Aug/2025:16:20:47 +0300] "GET /.well-known/appspecific/com.chrome.devtools.json HTTP/1.1" 404 196
::1 - - [21/Aug/2025:16:21:47 +0300] "-" 408 -
::1 - - [21/Aug/2025:16:21:48 +0300] "POST /public/registration.php HTTP/1.1" 200 1864
::1 - - [21/Aug/2025:16:21:48 +0300] "GET /.well-known/appspecific/com.chrome.devtools.json HTTP/1.1" 404 196
::1 - - [21/Aug/2025:16:21:48 +0300] "GET /public/assets/css/auth.css HTTP/1.1" 304 -
::1 - - [21/Aug/2025:16:22:44 +0300] "POST /public/registration.php HTTP/1.1" 200 1894
::1 - - [21/Aug/2025:16:22:44 +0300] "GET /.well-known/appspecific/com.chrome.devtools.json HTTP/1.1" 404 196
::1 - - [21/Aug/2025:16:22:44 +0300] "GET /public/assets/css/auth.css HTTP/1.1" 304 -
::1 - - [21/Aug/2025:16:22:56 +0300] "GET /public/registration.php HTTP/1.1" 200 1663
::1 - - [21/Aug/2025:16:23:21 +0300] "POST /public/registration.php HTTP/1.1" 200 1667
::1 - - [21/Aug/2025:16:23:21 +0300] "GET /public/assets/css/auth.css HTTP/1.1" 304 -
::1 - - [21/Aug/2025:16:23:42 +0300] "POST /public/registration.php HTTP/1.1" 200 1667
::1 - - [21/Aug/2025:16:23:45 +0300] "POST /public/registration.php HTTP/1.1" 200 1667
::1 - - [21/Aug/2025:16:23:48 +0300] "GET /.well-known/appspecific/com.chrome.devtools.json HTTP/1.1" 404 196
::1 - - [21/Aug/2025:16:23:49 +0300] "POST /public/registration.php HTTP/1.1" 200 1667
::1 - - [21/Aug/2025:16:23:49 +0300] "GET /.well-known/appspecific/com.chrome.devtools.json HTTP/1.1" 404 196
::1 - - [21/Aug/2025:16:23:49 +0300] "GET /public/assets/css/auth.css HTTP/1.1" 200 1417
::1 - - [21/Aug/2025:16:23:49 +0300] "GET /public/assets/js/jquery-3.7.1.slim.min.js HTTP/1.1" 200 70264
::1 - - [21/Aug/2025:16:23:49 +0300] "GET /favicon.ico HTTP/1.1" 404 196
::1 - - [21/Aug/2025:16:24:03 +0300] "POST /public/registration.php HTTP/1.1" 200 1894
::1 - - [21/Aug/2025:16:24:03 +0300] "GET /.well-known/appspecific/com.chrome.devtools.json HTTP/1.1" 404 196
::1 - - [21/Aug/2025:16:25:03 +0300] "-" 408 -
::1 - - [21/Aug/2025:16:25:24 +0300] "POST /public/registration.php HTTP/1.1" 200 1898
::1 - - [21/Aug/2025:16:25:24 +0300] "GET /.well-known/appspecific/com.chrome.devtools.json HTTP/1.1" 404 196
::1 - - [21/Aug/2025:16:25:24 +0300] "GET /public/assets/css/auth.css HTTP/1.1" 304 -
::1 - - [21/Aug/2025:16:25:46 +0300] "POST /public/registration.php HTTP/1.1" 200 1903
::1 - - [21/Aug/2025:16:25:46 +0300] "GET /.well-known/appspecific/com.chrome.devtools.json HTTP/1.1" 404 196
::1 - - [21/Aug/2025:16:25:49 +0300] "POST /public/registration.php HTTP/1.1" 200 1898
::1 - - [21/Aug/2025:16:25:49 +0300] "GET /.well-known/appspecific/com.chrome.devtools.json HTTP/1.1" 404 196
::1 - - [21/Aug/2025:16:26:11 +0300] "POST /public/registration.php HTTP/1.1" 200 1901
::1 - - [21/Aug/2025:16:26:11 +0300] "GET /.well-known/appspecific/com.chrome.devtools.json HTTP/1.1" 404 196
::1 - - [21/Aug/2025:16:26:11 +0300] "GET /public/assets/css/auth.css HTTP/1.1" 304 -
::1 - - [21/Aug/2025:16:26:16 +0300] "GET /public/registration.php HTTP/1.1" 200 1786
::1 - - [21/Aug/2025:16:27:00 +0300] "GET /public/registration.php HTTP/1.1" 200 1663
::1 - - [21/Aug/2025:16:27:00 +0300] "GET /public/assets/css/auth.css HTTP/1.1" 304 -
::1 - - [21/Aug/2025:16:28:00 +0300] "-" 408 -
::1 - - [21/Aug/2025:16:29:37 +0300] "GET /public/registration.php HTTP/1.1" 200 1665
::1 - - [21/Aug/2025:16:29:37 +0300] "GET /public/assets/css/auth.css HTTP/1.1" 304 -
::1 - - [21/Aug/2025:16:30:25 +0300] "GET /public/registration.php HTTP/1.1" 200 1665
::1 - - [21/Aug/2025:16:30:48 +0300] "POST /public/registration.php HTTP/1.1" 200 1795
::1 - - [21/Aug/2025:16:30:48 +0300] "GET /public/assets/css/auth.css HTTP/1.1" 304 -
::1 - - [21/Aug/2025:16:31:08 +0300] "POST /public/registration.php HTTP/1.1" 200 1824
::1 - - [21/Aug/2025:16:32:08 +0300] "-" 408 -
::1 - - [21/Aug/2025:16:35:47 +0300] "POST /public/registration.php HTTP/1.1" 200 1824
::1 - - [21/Aug/2025:16:35:47 +0300] "GET /public/assets/css/auth.css HTTP/1.1" 304 -
::1 - - [21/Aug/2025:16:36:05 +0300] "POST /public/registration.php HTTP/1.1" 200 1795
::1 - - [21/Aug/2025:16:36:31 +0300] "POST /public/registration.php HTTP/1.1" 200 1824
::1 - - [21/Aug/2025:16:37:31 +0300] "-" 408 -
::1 - - [21/Aug/2025:16:38:04 +0300] "POST /public/registration.php HTTP/1.1" 200 1824
::1 - - [21/Aug/2025:16:38:04 +0300] "GET /public/assets/css/auth.css HTTP/1.1" 304 -
::1 - - [21/Aug/2025:16:38:30 +0300] "POST /public/registration.php HTTP/1.1" 200 1824
::1 - - [21/Aug/2025:16:38:37 +0300] "POST /public/registration.php HTTP/1.1" 200 640
::1 - - [21/Aug/2025:16:39:37 +0300] "-" 408 -
::1 - - [21/Aug/2025:16:39:48 +0300] "GET /public/registration.php HTTP/1.1" 200 1665
::1 - - [21/Aug/2025:16:40:09 +0300] "POST /public/registration.php HTTP/1.1" 200 1695
::1 - - [21/Aug/2025:16:40:09 +0300] "GET /public/assets/css/auth.css HTTP/1.1" 304 -
::1 - - [21/Aug/2025:16:41:09 +0300] "-" 408 -
::1 - - [21/Aug/2025:16:42:55 +0300] "GET /public/index.php HTTP/1.1" 200 1187
::1 - - [21/Aug/2025:16:42:55 +0300] "GET /public/assets/css/auth.css HTTP/1.1" 304 -
::1 - - [21/Aug/2025:16:42:56 +0300] "GET /public/registration.php HTTP/1.1" 200 1665
::1 - - [21/Aug/2025:16:42:57 +0300] "GET /public/index.php HTTP/1.1" 200 1187
::1 - - [21/Aug/2025:16:43:32 +0300] "GET /public/index.php HTTP/1.1" 200 1020
::1 - - [21/Aug/2025:16:43:35 +0300] "GET /public/registration.php HTTP/1.1" 200 1665
::1 - - [21/Aug/2025:16:43:36 +0300] "GET /public/index.php HTTP/1.1" 200 1020
::1 - - [21/Aug/2025:16:44:32 +0300] "-" 408 -
::1 - - [21/Aug/2025:16:50:07 +0300] "GET /public/index.php HTTP/1.1" 200 1032
::1 - - [21/Aug/2025:16:50:07 +0300] "GET /public/assets/css/auth.css HTTP/1.1" 304 -
::1 - - [21/Aug/2025:16:50:26 +0300] "POST /public/index.php HTTP/1.1" 200 1139
::1 - - [21/Aug/2025:16:50:54 +0300] "POST /public/index.php HTTP/1.1" 200 1162
::1 - - [21/Aug/2025:16:51:19 +0300] "POST /public/index.php HTTP/1.1" 200 1179
::1 - - [21/Aug/2025:16:51:53 +0300] "GET /public/registration.php HTTP/1.1" 200 1665
::1 - - [21/Aug/2025:16:51:53 +0300] "GET /public/assets/js/jquery-3.7.1.slim.min.js HTTP/1.1" 304 -
::1 - - [21/Aug/2025:16:51:54 +0300] "GET /public/index.php HTTP/1.1" 200 1050
::1 - - [21/Aug/2025:16:52:29 +0300] "GET /public/index.php HTTP/1.1" 200 1050
::1 - - [21/Aug/2025:16:52:37 +0300] "POST /public/index.php HTTP/1.1" 200 1291
::1 - - [21/Aug/2025:16:53:37 +0300] "-" 408 -
::1 - - [21/Aug/2025:16:56:51 +0300] "GET /public/registration.php HTTP/1.1" 200 1665
::1 - - [21/Aug/2025:16:56:51 +0300] "GET /public/assets/css/auth.css HTTP/1.1" 304 -
::1 - - [21/Aug/2025:16:56:51 +0300] "GET /public/index.php HTTP/1.1" 200 1062
::1 - - [21/Aug/2025:16:56:52 +0300] "GET /public/index.php HTTP/1.1" 200 1062
::1 - - [21/Aug/2025:16:57:03 +0300] "POST /public/index.php HTTP/1.1" 200 1098
::1 - - [21/Aug/2025:16:57:06 +0300] "POST /public/index.php HTTP/1.1" 200 1180
::1 - - [21/Aug/2025:16:57:43 +0300] "GET /public/registration.php HTTP/1.1" 200 1665
::1 - - [21/Aug/2025:16:57:45 +0300] "GET /public/index.php HTTP/1.1" 200 1062
::1 - - [21/Aug/2025:16:58:19 +0300] "GET /public/chats.php HTTP/1.1" 200 677
::1 - - [21/Aug/2025:16:58:19 +0300] "GET /public/assets/css/chats.css HTTP/1.1" 200 1025
::1 - - [21/Aug/2025:16:59:19 +0300] "-" 408 -
::1 - - [21/Aug/2025:17:00:28 +0300] "GET /public/chats.php HTTP/1.1" 200 677
::1 - - [21/Aug/2025:17:00:30 +0300] "GET /.well-known/appspecific/com.chrome.devtools.json HTTP/1.1" 404 196
::1 - - [21/Aug/2025:17:00:31 +0300] "GET /public/chats.php HTTP/1.1" 200 677
::1 - - [21/Aug/2025:17:00:31 +0300] "GET /.well-known/appspecific/com.chrome.devtools.json HTTP/1.1" 404 196
::1 - - [21/Aug/2025:17:00:31 +0300] "GET /public/assets/css/chats.css HTTP/1.1" 200 1037
::1 - - [21/Aug/2025:17:00:31 +0300] "GET /favicon.ico HTTP/1.1" 404 196
::1 - - [21/Aug/2025:17:00:36 +0300] "GET /public/chats.php HTTP/1.1" 200 677
::1 - - [21/Aug/2025:17:00:36 +0300] "GET /.well-known/appspecific/com.chrome.devtools.json HTTP/1.1" 404 196
::1 - - [21/Aug/2025:17:00:36 +0300] "GET /public/assets/css/chats.css HTTP/1.1" 200 1039
::1 - - [21/Aug/2025:17:00:43 +0300] "GET /public/chats.php HTTP/1.1" 200 677
::1 - - [21/Aug/2025:17:00:43 +0300] "GET /.well-known/appspecific/com.chrome.devtools.json HTTP/1.1" 404 196
::1 - - [21/Aug/2025:17:00:43 +0300] "GET /public/assets/css/chats.css HTTP/1.1" 200 1039
::1 - - [21/Aug/2025:17:00:46 +0300] "GET /public/chats.php HTTP/1.1" 200 677
::1 - - [21/Aug/2025:17:00:46 +0300] "GET /.well-known/appspecific/com.chrome.devtools.json HTTP/1.1" 404 196
::1 - - [21/Aug/2025:17:00:46 +0300] "GET /public/assets/css/chats.css HTTP/1.1" 200 1039
::1 - - [21/Aug/2025:17:00:52 +0300] "GET /public/chats.php HTTP/1.1" 200 677
::1 - - [21/Aug/2025:17:00:52 +0300] "GET /.well-known/appspecific/com.chrome.devtools.json HTTP/1.1" 404 196
::1 - - [21/Aug/2025:17:00:52 +0300] "GET /public/assets/css/chats.css HTTP/1.1" 200 1039
::1 - - [21/Aug/2025:17:01:01 +0300] "GET /public/chats.php HTTP/1.1" 200 919
::1 - - [21/Aug/2025:17:01:01 +0300] "GET /.well-known/appspecific/com.chrome.devtools.json HTTP/1.1" 404 196
::1 - - [21/Aug/2025:17:01:01 +0300] "GET /public/assets/css/chats.css HTTP/1.1" 304 -
::1 - - [21/Aug/2025:17:01:49 +0300] "GET /public/chats.php HTTP/1.1" 200 919
::1 - - [21/Aug/2025:17:01:49 +0300] "GET /.well-known/appspecific/com.chrome.devtools.json HTTP/1.1" 404 196
::1 - - [21/Aug/2025:17:01:49 +0300] "GET /public/assets/css/chats.css HTTP/1.1" 200 1108
::1 - - [21/Aug/2025:17:02:03 +0300] "GET /public/chats.php HTTP/1.1" 200 919
::1 - - [21/Aug/2025:17:02:03 +0300] "GET /.well-known/appspecific/com.chrome.devtools.json HTTP/1.1" 404 196
::1 - - [21/Aug/2025:17:02:03 +0300] "GET /public/assets/css/chats.css HTTP/1.1" 200 1131
::1 - - [21/Aug/2025:17:02:24 +0300] "GET /public/chats.php HTTP/1.1" 200 919
::1 - - [21/Aug/2025:17:02:24 +0300] "GET /.well-known/appspecific/com.chrome.devtools.json HTTP/1.1" 404 196
::1 - - [21/Aug/2025:17:02:24 +0300] "GET /public/assets/css/chats.css HTTP/1.1" 200 1112
::1 - - [21/Aug/2025:17:02:39 +0300] "GET /public/chats.php HTTP/1.1" 200 919
::1 - - [21/Aug/2025:17:02:39 +0300] "GET /.well-known/appspecific/com.chrome.devtools.json HTTP/1.1" 404 196
::1 - - [21/Aug/2025:17:02:39 +0300] "GET /public/assets/css/chats.css HTTP/1.1" 200 1108
::1 - - [21/Aug/2025:17:02:50 +0300] "GET /public/chats.php HTTP/1.1" 200 919
::1 - - [21/Aug/2025:17:02:50 +0300] "GET /.well-known/appspecific/com.chrome.devtools.json HTTP/1.1" 404 196
::1 - - [21/Aug/2025:17:02:50 +0300] "GET /public/assets/css/chats.css HTTP/1.1" 200 1108
::1 - - [21/Aug/2025:17:02:59 +0300] "GET /public/chats.php HTTP/1.1" 200 919
::1 - - [21/Aug/2025:17:02:59 +0300] "GET /.well-known/appspecific/com.chrome.devtools.json HTTP/1.1" 404 196
::1 - - [21/Aug/2025:17:02:59 +0300] "GET /public/assets/css/chats.css HTTP/1.1" 200 1108
::1 - - [21/Aug/2025:17:03:16 +0300] "GET /public/chats.php HTTP/1.1" 200 919
::1 - - [21/Aug/2025:17:03:16 +0300] "GET /.well-known/appspecific/com.chrome.devtools.json HTTP/1.1" 404 196
::1 - - [21/Aug/2025:17:03:16 +0300] "GET /public/assets/css/chats.css HTTP/1.1" 200 1108
::1 - - [21/Aug/2025:17:03:42 +0300] "GET /public/chats.php HTTP/1.1" 200 919
::1 - - [21/Aug/2025:17:03:42 +0300] "GET /.well-known/appspecific/com.chrome.devtools.json HTTP/1.1" 404 196
::1 - - [21/Aug/2025:17:03:42 +0300] "GET /public/assets/css/chats.css HTTP/1.1" 200 1105
::1 - - [21/Aug/2025:17:03:46 +0300] "GET /public/chats.php HTTP/1.1" 200 919
::1 - - [21/Aug/2025:17:03:46 +0300] "GET /.well-known/appspecific/com.chrome.devtools.json HTTP/1.1" 404 196
::1 - - [21/Aug/2025:17:03:46 +0300] "GET /public/assets/css/chats.css HTTP/1.1" 200 1105
::1 - - [21/Aug/2025:17:03:59 +0300] "GET /public/chats.php HTTP/1.1" 200 919
::1 - - [21/Aug/2025:17:03:59 +0300] "GET /.well-known/appspecific/com.chrome.devtools.json HTTP/1.1" 404 196
::1 - - [21/Aug/2025:17:03:59 +0300] "GET /public/assets/css/chats.css HTTP/1.1" 200 1131
::1 - - [21/Aug/2025:17:04:24 +0300] "GET /public/chats.php HTTP/1.1" 200 919
::1 - - [21/Aug/2025:17:04:24 +0300] "GET /.well-known/appspecific/com.chrome.devtools.json HTTP/1.1" 404 196
::1 - - [21/Aug/2025:17:04:24 +0300] "GET /public/assets/css/chats.css HTTP/1.1" 200 1156
::1 - - [21/Aug/2025:17:04:34 +0300] "GET /public/chats.php HTTP/1.1" 200 919
::1 - - [21/Aug/2025:17:04:34 +0300] "GET /.well-known/appspecific/com.chrome.devtools.json HTTP/1.1" 404 196
::1 - - [21/Aug/2025:17:04:34 +0300] "GET /public/assets/css/chats.css HTTP/1.1" 200 1179
::1 - - [21/Aug/2025:17:04:41 +0300] "GET /public/chats.php HTTP/1.1" 200 919
::1 - - [21/Aug/2025:17:04:41 +0300] "GET /.well-known/appspecific/com.chrome.devtools.json HTTP/1.1" 404 196
::1 - - [21/Aug/2025:17:04:41 +0300] "GET /public/assets/css/chats.css HTTP/1.1" 200 1179
::1 - - [21/Aug/2025:17:04:46 +0300] "GET /public/chats.php HTTP/1.1" 200 919
::1 - - [21/Aug/2025:17:04:46 +0300] "GET /.well-known/appspecific/com.chrome.devtools.json HTTP/1.1" 404 196
::1 - - [21/Aug/2025:17:04:46 +0300] "GET /public/assets/css/chats.css HTTP/1.1" 304 -
::1 - - [21/Aug/2025:17:04:49 +0300] "GET /public/chats.php HTTP/1.1" 200 919
::1 - - [21/Aug/2025:17:04:49 +0300] "GET /.well-known/appspecific/com.chrome.devtools.json HTTP/1.1" 404 196
::1 - - [21/Aug/2025:17:04:49 +0300] "GET /public/assets/css/chats.css HTTP/1.1" 200 1179
::1 - - [21/Aug/2025:17:04:49 +0300] "GET /favicon.ico HTTP/1.1" 404 196
::1 - - [21/Aug/2025:17:16:08 +0300] "GET /public/chats.php HTTP/1.1" 302 -
::1 - - [21/Aug/2025:17:16:08 +0300] "GET /public/index.php HTTP/1.1" 200 1062
::1 - - [21/Aug/2025:17:16:08 +0300] "GET /public/assets/css/auth.css HTTP/1.1" 200 1417
::1 - - [21/Aug/2025:17:16:08 +0300] "GET /.well-known/appspecific/com.chrome.devtools.json HTTP/1.1" 404 196
::1 - - [21/Aug/2025:17:16:13 +0300] "GET /public/chats.php HTTP/1.1" 302 -
::1 - - [21/Aug/2025:17:16:13 +0300] "GET /public/index.php HTTP/1.1" 200 1062
::1 - - [21/Aug/2025:17:16:13 +0300] "GET /.well-known/appspecific/com.chrome.devtools.json HTTP/1.1" 404 196
::1 - - [21/Aug/2025:17:16:25 +0300] "GET /public/chats.php HTTP/1.1" 302 677
::1 - - [21/Aug/2025:17:16:25 +0300] "GET /public/index.php HTTP/1.1" 200 1062
::1 - - [21/Aug/2025:17:16:25 +0300] "GET /.well-known/appspecific/com.chrome.devtools.json HTTP/1.1" 404 196
::1 - - [21/Aug/2025:17:17:24 +0300] "GET /public/index.php HTTP/1.1" 200 1062
::1 - - [21/Aug/2025:17:17:24 +0300] "GET /.well-known/appspecific/com.chrome.devtools.json HTTP/1.1" 404 196
::1 - - [21/Aug/2025:17:17:27 +0300] "GET /public/chats.php HTTP/1.1" 302 -
::1 - - [21/Aug/2025:17:17:27 +0300] "GET /public/index.php HTTP/1.1" 200 1062
::1 - - [21/Aug/2025:17:17:27 +0300] "GET /.well-known/appspecific/com.chrome.devtools.json HTTP/1.1" 404 196
::1 - - [21/Aug/2025:17:18:24 +0300] "-" 408 -
::1 - - [21/Aug/2025:17:19:23 +0300] "GET /public/index.php HTTP/1.1" 200 1062
::1 - - [21/Aug/2025:17:19:23 +0300] "GET /.well-known/appspecific/com.chrome.devtools.json HTTP/1.1" 404 196
::1 - - [21/Aug/2025:17:19:35 +0300] "POST /public/index.php HTTP/1.1" 200 1176
::1 - - [21/Aug/2025:17:19:35 +0300] "GET /.well-known/appspecific/com.chrome.devtools.json HTTP/1.1" 404 196
::1 - - [21/Aug/2025:17:19:40 +0300] "POST /public/index.php HTTP/1.1" 302 -
::1 - - [21/Aug/2025:17:19:40 +0300] "GET /public/chats.php HTTP/1.1" 302 -
::1 - - [21/Aug/2025:17:19:40 +0300] "GET /public/index.php HTTP/1.1" 200 1062
::1 - - [21/Aug/2025:17:19:40 +0300] "GET /.well-known/appspecific/com.chrome.devtools.json HTTP/1.1" 404 196
::1 - - [21/Aug/2025:17:19:45 +0300] "GET /public/chats.php HTTP/1.1" 302 -
::1 - - [21/Aug/2025:17:19:45 +0300] "GET /public/index.php HTTP/1.1" 200 1062
::1 - - [21/Aug/2025:17:19:45 +0300] "GET /.well-known/appspecific/com.chrome.devtools.json HTTP/1.1" 404 196
::1 - - [21/Aug/2025:17:20:17 +0300] "GET /public/index.php HTTP/1.1" 200 1062
::1 - - [21/Aug/2025:17:20:17 +0300] "GET /public/assets/css/auth.css HTTP/1.1" 200 1417
::1 - - [21/Aug/2025:17:20:17 +0300] "GET /.well-known/appspecific/com.chrome.devtools.json HTTP/1.1" 404 196
::1 - - [21/Aug/2025:17:20:17 +0300] "GET /favicon.ico HTTP/1.1" 404 196
::1 - - [21/Aug/2025:17:20:24 +0300] "POST /public/index.php HTTP/1.1" 302 -
::1 - - [21/Aug/2025:17:20:24 +0300] "GET /public/chats.php HTTP/1.1" 302 -
::1 - - [21/Aug/2025:17:20:24 +0300] "GET /public/index.php HTTP/1.1" 200 1062
::1 - - [21/Aug/2025:17:20:24 +0300] "GET /.well-known/appspecific/com.chrome.devtools.json HTTP/1.1" 404 196
::1 - - [21/Aug/2025:17:20:29 +0300] "GET /public/chats.php HTTP/1.1" 302 -
::1 - - [21/Aug/2025:17:20:29 +0300] "GET /public/index.php HTTP/1.1" 200 1062
::1 - - [21/Aug/2025:17:20:29 +0300] "GET /.well-known/appspecific/com.chrome.devtools.json HTTP/1.1" 404 196
::1 - - [21/Aug/2025:17:21:24 +0300] "-" 408 -
::1 - - [21/Aug/2025:17:23:04 +0300] "GET /public/index.php HTTP/1.1" 200 1062
::1 - - [21/Aug/2025:17:23:04 +0300] "GET /public/assets/css/auth.css HTTP/1.1" 200 1417
::1 - - [21/Aug/2025:17:23:04 +0300] "GET /.well-known/appspecific/com.chrome.devtools.json HTTP/1.1" 404 196
::1 - - [21/Aug/2025:17:23:04 +0300] "GET /favicon.ico HTTP/1.1" 404 196
::1 - - [21/Aug/2025:17:23:10 +0300] "POST /public/index.php HTTP/1.1" 302 -
::1 - - [21/Aug/2025:17:23:10 +0300] "GET /public/chats.php HTTP/1.1" 200 677
::1 - - [21/Aug/2025:17:23:10 +0300] "GET /public/assets/css/chats.css HTTP/1.1" 200 1179
::1 - - [21/Aug/2025:17:23:10 +0300] "GET /.well-known/appspecific/com.chrome.devtools.json HTTP/1.1" 404 196
::1 - - [21/Aug/2025:17:23:32 +0300] "GET /public/index.php HTTP/1.1" 200 1062
::1 - - [21/Aug/2025:17:23:32 +0300] "GET /.well-known/appspecific/com.chrome.devtools.json HTTP/1.1" 404 196
::1 - - [21/Aug/2025:17:24:32 +0300] "-" 408 -
::1 - - [21/Aug/2025:17:25:29 +0300] "GET /public/registration.php HTTP/1.1" 200 1665
::1 - - [21/Aug/2025:17:25:29 +0300] "GET /.well-known/appspecific/com.chrome.devtools.json HTTP/1.1" 404 196
::1 - - [21/Aug/2025:17:25:29 +0300] "GET /public/assets/js/jquery-3.7.1.slim.min.js HTTP/1.1" 200 70264
::1 - - [21/Aug/2025:17:25:53 +0300] "POST /public/registration.php HTTP/1.1" 302 -
::1 - - [21/Aug/2025:17:25:53 +0300] "GET /public/chats.php HTTP/1.1" 200 677
::1 - - [21/Aug/2025:17:25:53 +0300] "GET /.well-known/appspecific/com.chrome.devtools.json HTTP/1.1" 404 196
::1 - - [21/Aug/2025:17:25:53 +0300] "GET /public/assets/css/chats.css HTTP/1.1" 304 -
::1 - - [21/Aug/2025:17:25:56 +0300] "GET /public/chats.php HTTP/1.1" 200 677
::1 - - [21/Aug/2025:17:25:56 +0300] "GET /.well-known/appspecific/com.chrome.devtools.json HTTP/1.1" 404 196
::1 - - [21/Aug/2025:17:26:14 +0300] "GET /public/index.php HTTP/1.1" 200 1062
::1 - - [21/Aug/2025:17:26:14 +0300] "GET /.well-known/appspecific/com.chrome.devtools.json HTTP/1.1" 404 196
::1 - - [21/Aug/2025:17:26:16 +0300] "GET /public/registration.php HTTP/1.1" 200 1665
::1 - - [21/Aug/2025:17:26:16 +0300] "GET /.well-known/appspecific/com.chrome.devtools.json HTTP/1.1" 404 196
::1 - - [21/Aug/2025:17:26:38 +0300] "POST /public/registration.php HTTP/1.1" 200 1796
::1 - - [21/Aug/2025:17:26:38 +0300] "GET /.well-known/appspecific/com.chrome.devtools.json HTTP/1.1" 404 196
::1 - - [21/Aug/2025:17:26:45 +0300] "GET /public/index.php HTTP/1.1" 200 1062
::1 - - [21/Aug/2025:17:26:45 +0300] "GET /.well-known/appspecific/com.chrome.devtools.json HTTP/1.1" 404 196
::1 - - [21/Aug/2025:17:27:45 +0300] "-" 408 -
::1 - - [21/Aug/2025:17:31:52 +0300] "GET /public/chats.php HTTP/1.1" 200 677
::1 - - [21/Aug/2025:17:31:52 +0300] "GET /.well-known/appspecific/com.chrome.devtools.json HTTP/1.1" 404 196
::1 - - [21/Aug/2025:17:31:52 +0300] "GET /public/assets/css/chats.css HTTP/1.1" 304 -
::1 - - [21/Aug/2025:17:33:42 +0300] "GET /public/chats.php HTTP/1.1" 200 218
::1 - - [21/Aug/2025:17:33:42 +0300] "GET /.well-known/appspecific/com.chrome.devtools.json HTTP/1.1" 404 196
::1 - - [21/Aug/2025:17:33:57 +0300] "GET /public/chats.php HTTP/1.1" 200 1108
::1 - - [21/Aug/2025:17:33:57 +0300] "GET /.well-known/appspecific/com.chrome.devtools.json HTTP/1.1" 404 196
::1 - - [21/Aug/2025:17:34:57 +0300] "-" 408 -
::1 - - [21/Aug/2025:17:35:06 +0300] "GET /public/chats.php HTTP/1.1" 200 1382
::1 - - [21/Aug/2025:17:35:06 +0300] "GET /public/assets/css/chats.css HTTP/1.1" 304 -
::1 - - [21/Aug/2025:17:35:06 +0300] "GET /.well-known/appspecific/com.chrome.devtools.json HTTP/1.1" 404 196
::1 - - [21/Aug/2025:17:35:34 +0300] "GET /public/chats.php HTTP/1.1" 200 1370
::1 - - [21/Aug/2025:17:35:34 +0300] "GET /.well-known/appspecific/com.chrome.devtools.json HTTP/1.1" 404 196
::1 - - [21/Aug/2025:17:35:46 +0300] "GET /public/chats.php HTTP/1.1" 200 1370
::1 - - [21/Aug/2025:17:35:46 +0300] "GET /.well-known/appspecific/com.chrome.devtools.json HTTP/1.1" 404 196
::1 - - [21/Aug/2025:17:35:48 +0300] "GET /public/chats.php HTTP/1.1" 200 1370
::1 - - [21/Aug/2025:17:35:48 +0300] "GET /.well-known/appspecific/com.chrome.devtools.json HTTP/1.1" 404 196
::1 - - [21/Aug/2025:17:35:48 +0300] "GET /public/assets/css/chats.css HTTP/1.1" 200 1179
::1 - - [21/Aug/2025:17:35:48 +0300] "GET /favicon.ico HTTP/1.1" 404 196
::1 - - [21/Aug/2025:17:36:11 +0300] "GET /public/chats.php HTTP/1.1" 200 1377
::1 - - [21/Aug/2025:17:36:11 +0300] "GET /.well-known/appspecific/com.chrome.devtools.json HTTP/1.1" 404 196
::1 - - [21/Aug/2025:17:36:33 +0300] "GET /public/chats.php HTTP/1.1" 200 946
::1 - - [21/Aug/2025:17:36:33 +0300] "GET /.well-known/appspecific/com.chrome.devtools.json HTTP/1.1" 404 196
::1 - - [21/Aug/2025:17:37:33 +0300] "-" 408 -
::1 - - [21/Aug/2025:17:38:34 +0300] "GET /public/chats.php HTTP/1.1" 200 642
::1 - - [21/Aug/2025:17:38:34 +0300] "GET /.well-known/appspecific/com.chrome.devtools.json HTTP/1.1" 404 196
::1 - - [21/Aug/2025:17:38:42 +0300] "GET /public/chats.php HTTP/1.1" 200 946
::1 - - [21/Aug/2025:17:38:42 +0300] "GET /.well-known/appspecific/com.chrome.devtools.json HTTP/1.1" 404 196
::1 - - [21/Aug/2025:17:38:52 +0300] "GET /public/chats.php HTTP/1.1" 200 1087
::1 - - [21/Aug/2025:17:38:52 +0300] "GET /.well-known/appspecific/com.chrome.devtools.json HTTP/1.1" 404 196
::1 - - [21/Aug/2025:17:39:21 +0300] "GET /public/chats.php HTTP/1.1" 200 1132
::1 - - [21/Aug/2025:17:39:21 +0300] "GET /.well-known/appspecific/com.chrome.devtools.json HTTP/1.1" 404 196
::1 - - [21/Aug/2025:17:39:21 +0300] "GET /public/assets/css/chats.css HTTP/1.1" 304 -
::1 - - [21/Aug/2025:17:40:13 +0300] "GET /public/chats.php HTTP/1.1" 200 946
::1 - - [21/Aug/2025:17:40:13 +0300] "GET /.well-known/appspecific/com.chrome.devtools.json HTTP/1.1" 404 196
::1 - - [21/Aug/2025:17:41:13 +0300] "-" 408 -
::1 - - [21/Aug/2025:17:54:11 +0300] "GET /public/chats.php HTTP/1.1" 200 946
::1 - - [21/Aug/2025:17:54:11 +0300] "GET /public/assets/css/chats.css HTTP/1.1" 304 -
::1 - - [21/Aug/2025:17:54:11 +0300] "GET /.well-known/appspecific/com.chrome.devtools.json HTTP/1.1" 404 196
::1 - - [21/Aug/2025:17:55:11 +0300] "-" 408 -
