[Wed Aug 20 15:53:36.312151 2025] [mpm_winnt:notice] [pid 3660:tid 424] AH00455: Apache/2.4.65 (Win64) PHP/8.4.11 configured -- resuming normal operations
[Wed Aug 20 15:53:36.312151 2025] [mpm_winnt:notice] [pid 3660:tid 424] AH00456: Apache Lounge VS17 Server built: Jul 24 2025 14:32:29
[Wed Aug 20 15:53:36.312151 2025] [core:notice] [pid 3660:tid 424] AH00094: Command line: 'C:\\Apache24\\bin\\httpd.exe -d C:/Apache24'
[Wed Aug 20 15:53:36.312151 2025] [mpm_winnt:notice] [pid 3660:tid 424] AH00418: Parent: Created child process 7980
Apache server shutdown initiated...
pm_winnt:notice] [pid 7980:tid 428] AH00354: Child: Starting 64 worker threads.
[Wed Aug 20 15:54:23.566701 2025] [php:error] [pid 7980:tid 1096] [client ::1:49911] script 'C:/localhost/index.php' not found or unable to stat
[Wed Aug 20 15:55:39.399323 2025] [mpm_winnt:notice] [pid 3660:tid 424] AH00422: Parent: Received shutdown signal -- Shutting down the server.
[Wed Aug 20 15:55:41.448971 2025] [mpm_winnt:notice] [pid 7980:tid 428] AH00364: Child: All worker threads have exited.
[Wed Aug 20 15:55:41.475345 2025] [mpm_winnt:notice] [pid 3660:tid 424] AH00430: Parent: Child process 7980 exited successfully.
[Wed Aug 20 15:55:46.145334 2025] [mpm_winnt:notice] [pid 5828:tid 436] AH00455: Apache/2.4.65 (Win64) PHP/8.4.11 configured -- resuming normal operations
[Wed Aug 20 15:55:46.145334 2025] [mpm_winnt:notice] [pid 5828:tid 436] AH00456: Apache Lounge VS17 Server built: Jul 24 2025 14:32:29
[Wed Aug 20 15:55:46.145334 2025] [core:notice] [pid 5828:tid 436] AH00094: Command line: 'C:\\Apache24\\bin\\httpd.exe -d C:/Apache24'
[Wed Aug 20 15:55:46.145334 2025] [mpm_winnt:notice] [pid 5828:tid 436] AH00418: Parent: Created child process 10520
[Wed Aug 20 15:55:46.381408 2025] [mpm_winnt:notice] [pid 10520:tid 424] AH00354: Child: Starting 64 worker threads.
[Thu Aug 21 12:58:17.569913 2025] [php:warn] [pid 10520:tid 1120] [client ::1:53610] PHP Warning:  require(C:\\localhost\\app\\Services\\DB../../../config/database.php): Failed to open stream: No such file or directory in C:\\localhost\\app\\Services\\DB\\MySqlQueryBuild.php on line 4, referer: http://localhost/public/index.php
[Thu Aug 21 12:58:17.570208 2025] [php:error] [pid 10520:tid 1120] [client ::1:53610] PHP Fatal error:  Uncaught Error: Failed opening required 'C:\\localhost\\app\\Services\\DB../../../config/database.php' (include_path='.;C:\\php\\pear') in C:\\localhost\\app\\Services\\DB\\MySqlQueryBuild.php:4\nStack trace:\n#0 C:\\localhost\\public\\registration.php(4): MySqlQueryBuild::connection()\n#1 {main}\n  thrown in C:\\localhost\\app\\Services\\DB\\MySqlQueryBuild.php on line 4, referer: http://localhost/public/index.php
[Thu Aug 21 13:41:49.197788 2025] [core:warn] [pid 5924:tid 472] AH00098: pid file C:/Apache24/logs/httpd.pid overwritten -- Unclean shutdown of previous Apache run?
[Thu Aug 21 13:41:49.213444 2025] [mpm_winnt:notice] [pid 5924:tid 472] AH00455: Apache/2.4.65 (Win64) PHP/8.4.11 configured -- resuming normal operations
[Thu Aug 21 13:41:49.213444 2025] [mpm_winnt:notice] [pid 5924:tid 472] AH00456: Apache Lounge VS17 Server built: Jul 24 2025 14:32:29
[Thu Aug 21 13:41:49.213444 2025] [core:notice] [pid 5924:tid 472] AH00094: Command line: 'C:\\Apache24\\bin\\httpd.exe -d C:/Apache24'
[Thu Aug 21 13:41:49.213444 2025] [mpm_winnt:notice] [pid 5924:tid 472] AH00418: Parent: Created child process 2760
[Thu Aug 21 13:41:49.455344 2025] [mpm_winnt:notice] [pid 2760:tid 428] AH00354: Child: Starting 64 worker threads.
[Thu Aug 21 13:45:31.195743 2025] [php:warn] [pid 2760:tid 1104] [client ::1:54392] PHP Warning:  require(C:\\localhost\\public../vendor/autoload.php): Failed to open stream: No such file or directory in C:\\localhost\\public\\registration.php on line 5, referer: http://localhost/public/index.php
[Thu Aug 21 13:45:31.195743 2025] [php:error] [pid 2760:tid 1104] [client ::1:54392] PHP Fatal error:  Uncaught Error: Failed opening required 'C:\\localhost\\public../vendor/autoload.php' (include_path='.;C:\\php\\pear') in C:\\localhost\\public\\registration.php:5\nStack trace:\n#0 {main}\n  thrown in C:\\localhost\\public\\registration.php on line 5, referer: http://localhost/public/index.php
[Thu Aug 21 13:49:55.399860 2025] [mpm_winnt:notice] [pid 5924:tid 472] AH00422: Parent: Received shutdown signal -- Shutting down the server.
[Thu Aug 21 13:49:57.433985 2025] [mpm_winnt:notice] [pid 2760:tid 428] AH00364: Child: All worker threads have exited.
[Thu Aug 21 13:49:57.470481 2025] [mpm_winnt:notice] [pid 5924:tid 472] AH00430: Parent: Child process 2760 exited successfully.
[Thu Aug 21 13:50:11.465266 2025] [mpm_winnt:notice] [pid 3512:tid 404] AH00455: Apache/2.4.65 (Win64) PHP/8.4.11 configured -- resuming normal operations
[Thu Aug 21 13:50:11.465266 2025] [mpm_winnt:notice] [pid 3512:tid 404] AH00456: Apache Lounge VS17 Server built: Jul 24 2025 14:32:29
[Thu Aug 21 13:50:11.465266 2025] [core:notice] [pid 3512:tid 404] AH00094: Command line: 'C:\\Apache24\\bin\\httpd.exe -d C:/Apache24'
[Thu Aug 21 13:50:11.465266 2025] [mpm_winnt:notice] [pid 3512:tid 404] AH00418: Parent: Created child process 12796
[Thu Aug 21 13:50:11.691264 2025] [mpm_winnt:notice] [pid 12796:tid 420] AH00354: Child: Starting 64 worker threads.
[Thu Aug 21 14:35:27.399851 2025] [php:error] [pid 12796:tid 1112] [client ::1:55281] PHP Fatal error:  Uncaught TypeError: array_push(): Argument #1 ($array) must be of type array, null given in C:\\localhost\\public\\registration.php:6\nStack trace:\n#0 C:\\localhost\\public\\registration.php(6): array_push(NULL, ':value')\n#1 {main}\n  thrown in C:\\localhost\\public\\registration.php on line 6, referer: http://localhost/public/index.php
[Thu Aug 21 14:35:42.113448 2025] [php:warn] [pid 12796:tid 1108] [client ::1:55282] PHP Warning:  Undefined variable $prepareValue in C:\\localhost\\public\\registration.php on line 9, referer: http://localhost/public/index.php
[Thu Aug 21 14:35:42.113448 2025] [php:error] [pid 12796:tid 1108] [client ::1:55282] PHP Fatal error:  Uncaught TypeError: implode(): If argument #1 ($separator) is of type string, argument #2 ($array) must be of type array, null given in C:\\localhost\\public\\registration.php:9\nStack trace:\n#0 {main}\n  thrown in C:\\localhost\\public\\registration.php on line 9, referer: http://localhost/public/index.php
[Thu Aug 21 15:58:22.570439 2025] [php:error] [pid 12796:tid 1104] [client ::1:57517] PHP Fatal error:  Uncaught PDOException: SQLSTATE[HY093]: Invalid parameter number: parameter was not defined in C:\\localhost\\app\\Services\\DB\\MySqlQueryBuildService.php:26\nStack trace:\n#0 C:\\localhost\\app\\Services\\DB\\MySqlQueryBuildService.php(26): PDOStatement->execute(Array)\n#1 C:\\localhost\\app\\Services\\DB\\DBService.php(13): App\\Services\\DB\\MySqlQueryBuildService->where('email', '=', 'mail@mail.ru')\n#2 C:\\localhost\\public\\registration.php(14): App\\Services\\DB\\DBService::__callStatic('where', Array)\n#3 {main}\n  thrown in C:\\localhost\\app\\Services\\DB\\MySqlQueryBuildService.php on line 26
[Thu Aug 21 16:07:38.413819 2025] [php:error] [pid 12796:tid 1104] [client ::1:57799] PHP Fatal error:  Uncaught TypeError: exit(): Argument #1 ($status) must be of type string|int, array given in C:\\localhost\\app\\Services\\DB\\MySqlQueryBuildService.php:41\nStack trace:\n#0 C:\\localhost\\app\\Services\\DB\\MySqlQueryBuildService.php(41): exit(Array)\n#1 C:\\localhost\\app\\Services\\DB\\DBService.php(13): App\\Services\\DB\\MySqlQueryBuildService->insert(Array)\n#2 C:\\localhost\\public\\registration.php(10): App\\Services\\DB\\DBService::__callStatic('insert', Array)\n#3 {main}\n  thrown in C:\\localhost\\app\\Services\\DB\\MySqlQueryBuildService.php on line 41, referer: http://localhost/public/registration.php
[Thu Aug 21 16:08:02.492998 2025] [php:error] [pid 12796:tid 1112] [client ::1:57829] PHP Fatal error:  Uncaught TypeError: exit(): Argument #1 ($status) must be of type string|int, array given in C:\\localhost\\app\\Services\\DB\\MySqlQueryBuildService.php:41\nStack trace:\n#0 C:\\localhost\\app\\Services\\DB\\MySqlQueryBuildService.php(41): exit(Array)\n#1 C:\\localhost\\app\\Services\\DB\\DBService.php(13): App\\Services\\DB\\MySqlQueryBuildService->insert(Array)\n#2 C:\\localhost\\public\\registration.php(10): App\\Services\\DB\\DBService::__callStatic('insert', Array)\n#3 {main}\n  thrown in C:\\localhost\\app\\Services\\DB\\MySqlQueryBuildService.php on line 41, referer: http://localhost/public/registration.php
[Thu Aug 21 16:26:16.432698 2025] [php:warn] [pid 12796:tid 1108] [client ::1:58462] PHP Warning:  Undefined array key "login" in C:\\localhost\\public\\registration.php on line 17
[Thu Aug 21 16:38:37.710283 2025] [php:warn] [pid 12796:tid 1108] [client ::1:58568] PHP Warning:  Undefined array key "login" in C:\\localhost\\public\\registration.php on line 19, referer: http://localhost/public/registration.php
[Thu Aug 21 16:38:37.710283 2025] [php:warn] [pid 12796:tid 1108] [client ::1:58568] PHP Warning:  Undefined array key "email" in C:\\localhost\\public\\registration.php on line 20, referer: http://localhost/public/registration.php
[Thu Aug 21 16:38:37.710283 2025] [php:warn] [pid 12796:tid 1108] [client ::1:58568] PHP Warning:  Undefined array key "password" in C:\\localhost\\public\\registration.php on line 21, referer: http://localhost/public/registration.php
[Thu Aug 21 16:38:37.710283 2025] [php:notice] [pid 12796:tid 1108] [client ::1:58568] PHP Deprecated:  password_hash(): Passing null to parameter #1 ($password) of type string is deprecated in C:\\localhost\\public\\registration.php on line 21, referer: http://localhost/public/registration.php
[Thu Aug 21 17:33:42.436358 2025] [php:error] [pid 12796:tid 1108] [client ::1:60083] PHP Fatal error:  Uncaught Error: Class "App\\Models\\User" not found in C:\\localhost\\public\\chats.php:9\nStack trace:\n#0 {main}\n  thrown in C:\\localhost\\public\\chats.php on line 9
[Thu Aug 21 17:38:34.515050 2025] [php:error] [pid 12796:tid 1104] [client ::1:60257] PHP Fatal error:  Uncaught PDOException: SQLSTATE[42S22]: Column not found: 1054 Unknown column 'name' in 'field list' in C:\\localhost\\app\\Services\\DB\\MySqlQueryBuildService.php:26\nStack trace:\n#0 C:\\localhost\\app\\Services\\DB\\MySqlQueryBuildService.php(26): PDOStatement->execute(Array)\n#1 C:\\localhost\\app\\Services\\DB\\DBService.php(13): App\\Services\\DB\\MySqlQueryBuildService->where('email', '!=', 'pasha@mail.ru', 'name')\n#2 C:\\localhost\\public\\chats.php(9): App\\Services\\DB\\DBService::__callStatic('where', Array)\n#3 {main}\n  thrown in C:\\localhost\\app\\Services\\DB\\MySqlQueryBuildService.php on line 26
